2018-05-30 20:57:14 [scrapy.utils.log] INFO: Scrapy 1.4.0 started (bot: u88link)
2018-05-30 20:57:14 [scrapy.utils.log] INFO: Overridden settings: {'BOT_NAME': 'u88link', 'DOWNLOAD_TIMEOUT': 50, 'LOG_FILE': 'mySpider.log', 'NEWSPIDER_MODULE': 'u88link.spiders', 'RETRY_TIMES': 15, 'SPIDER_MODULES': ['u88link.spiders'], 'USER_AGENT': 'Mozilla/5.0 (X11; Linux x86_64; rv:45.0) Gecko/20100101 Firefox/45.0'}
2018-05-30 20:57:14 [scrapy.middleware] INFO: Enabled extensions:
['scrapy.extensions.corestats.CoreStats',
 'scrapy.extensions.telnet.TelnetConsole',
 'scrapy.extensions.memusage.MemoryUsage',
 'scrapy.extensions.logstats.LogStats']
2018-05-30 20:57:14 [py.warnings] WARNING: /usr/local/websites/u88linktool/u88link/u88link/redirecturl.py:3: ScrapyDeprecationWarning: Module `scrapy.log` has been deprecated, Scrapy now relies on the builtin Python library for logging. Read the updated logging entry in the documentation to learn more.
  from scrapy import log

2018-05-30 20:57:14 [scrapy.middleware] INFO: Enabled downloader middlewares:
['scrapy.downloadermiddlewares.httpauth.HttpAuthMiddleware',
 'scrapy.downloadermiddlewares.downloadtimeout.DownloadTimeoutMiddleware',
 'scrapy.downloadermiddlewares.defaultheaders.DefaultHeadersMiddleware',
 'u88link.rotate_useragent.RotateUserAgentMiddleware',
 'u88link.redirecturl.RedirectUrlMiddleware',
 'scrapy.downloadermiddlewares.retry.RetryMiddleware',
 'scrapy.downloadermiddlewares.useragent.UserAgentMiddleware',
 'scrapy.downloadermiddlewares.redirect.MetaRefreshMiddleware',
 'scrapy.downloadermiddlewares.httpcompression.HttpCompressionMiddleware',
 'scrapy.downloadermiddlewares.redirect.RedirectMiddleware',
 'scrapy.downloadermiddlewares.cookies.CookiesMiddleware',
 'scrapy.downloadermiddlewares.httpproxy.HttpProxyMiddleware',
 'scrapy.downloadermiddlewares.stats.DownloaderStats']
2018-05-30 20:57:14 [scrapy.middleware] INFO: Enabled spider middlewares:
['scrapy.spidermiddlewares.httperror.HttpErrorMiddleware',
 'scrapy.spidermiddlewares.offsite.OffsiteMiddleware',
 'scrapy.spidermiddlewares.referer.RefererMiddleware',
 'scrapy.spidermiddlewares.urllength.UrlLengthMiddleware',
 'scrapy.spidermiddlewares.depth.DepthMiddleware']
2018-05-30 20:57:14 [scrapy.middleware] INFO: Enabled item pipelines:
[]
2018-05-30 20:57:14 [scrapy.core.engine] INFO: Spider opened
2018-05-30 20:57:14 [scrapy.extensions.logstats] INFO: Crawled 0 pages (at 0 pages/min), scraped 0 items (at 0 items/min)
2018-05-30 20:57:14 [scrapy.extensions.telnet] DEBUG: Telnet console listening on 127.0.0.1:6023
2018-05-30 20:57:14 [scrapy.core.engine] DEBUG: Crawled (200) <GET http://www.dfjmw.com.cn/> (referer: None)
2018-05-30 20:57:14 [scrapy.dupefilters] DEBUG: Filtered duplicate request: <GET http://www.dfjmw.com.cn/> - no more duplicates will be shown (see DUPEFILTER_DEBUG to show all duplicates)
2018-05-30 20:57:14 [scrapy.downloadermiddlewares.redirect] DEBUG: Redirecting (301) to <GET http://www.dfjmw.com.cn/fangan> from <GET http://www.dfjmw.com.cn/fangan/>
2018-05-30 20:57:14 [scrapy.downloadermiddlewares.redirect] DEBUG: Redirecting (301) to <GET http://www.dfjmw.com.cn/zhinan> from <GET http://www.dfjmw.com.cn/zhinan/>
2018-05-30 20:57:14 [scrapy.core.engine] DEBUG: Crawled (200) <GET http://www.dfjmw.com.cn/> (referer: http://www.dfjmw.com.cn/)
2018-05-30 20:57:14 [py.warnings] WARNING: /usr/local/websites/u88linktool/u88link/u88link/redirecturl.py:10: ScrapyDeprecationWarning: log.msg has been deprecated, create a python logger and log through it instead
  log.msg("trying to redirect us: %s" % url, level=log.INFO)

2018-05-30 20:57:14 [scrapy.log] INFO: trying to redirect us: http://www.dfjmw.com.cn/zhinan/10486.html
2018-05-30 20:57:14 [scrapy.core.engine] DEBUG: Crawled (404) <GET http://www.dfjmw.com.cn/zhinan/10486.html> (referer: http://www.dfjmw.com.cn/)
2018-05-30 20:57:14 [scrapy.log] INFO: trying to redirect us: http://www.dfjmw.com.cn/zhinan/4385.html
2018-05-30 20:57:14 [scrapy.core.engine] DEBUG: Crawled (404) <GET http://www.dfjmw.com.cn/zhinan/4385.html> (referer: http://www.dfjmw.com.cn/)
2018-05-30 20:57:14 [scrapy.log] INFO: trying to redirect us: http://www.dfjmw.com.cn/youshi/312.html
2018-05-30 20:57:14 [scrapy.core.engine] DEBUG: Crawled (404) <GET http://www.dfjmw.com.cn/youshi/312.html> (referer: http://www.dfjmw.com.cn/)
2018-05-30 20:57:14 [scrapy.log] INFO: trying to redirect us: http://www.dfjmw.com.cn/zhinan/10457.html
2018-05-30 20:57:14 [scrapy.core.engine] DEBUG: Crawled (404) <GET http://www.dfjmw.com.cn/zhinan/10457.html> (referer: http://www.dfjmw.com.cn/)
2018-05-30 20:57:14 [scrapy.log] INFO: trying to redirect us: http://www.dfjmw.com.cn/zhinan/10453.html
2018-05-30 20:57:14 [scrapy.core.engine] DEBUG: Crawled (404) <GET http://www.dfjmw.com.cn/zhinan/10453.html> (referer: http://www.dfjmw.com.cn/)
2018-05-30 20:57:14 [scrapy.log] INFO: trying to redirect us: http://www.dfjmw.com.cn/zhinan/10450.html
2018-05-30 20:57:14 [scrapy.core.engine] DEBUG: Crawled (404) <GET http://www.dfjmw.com.cn/zhinan/10450.html> (referer: http://www.dfjmw.com.cn/)
2018-05-30 20:57:14 [scrapy.spidermiddlewares.offsite] DEBUG: Filtered offsite request to 'www.xiuxianshipin.com.cn': <GET http://www.xiuxianshipin.com.cn>
2018-05-30 20:57:14 [scrapy.spidermiddlewares.offsite] DEBUG: Filtered offsite request to 'www.gzolans.com': <GET http://www.gzolans.com/>
2018-05-30 20:57:14 [scrapy.spidermiddlewares.offsite] DEBUG: Filtered offsite request to 'www.ganxinet.com': <GET http://www.ganxinet.com/>
2018-05-30 20:57:14 [scrapy.spidermiddlewares.offsite] DEBUG: Filtered offsite request to 'www.yananju.cn': <GET http://www.yananju.cn>
2018-05-30 20:57:14 [scrapy.spidermiddlewares.offsite] DEBUG: Filtered offsite request to 'nuantongkongtiao.huangye88.com': <GET http://nuantongkongtiao.huangye88.com/>
2018-05-30 20:57:14 [scrapy.spidermiddlewares.offsite] DEBUG: Filtered offsite request to 'www.ganxi.tv': <GET http://www.ganxi.tv>
2018-05-30 20:57:14 [scrapy.log] INFO: trying to redirect us: http://www.dfjmw.com.cn/fangan/4937.html
2018-05-30 20:57:14 [scrapy.core.engine] DEBUG: Crawled (404) <GET http://www.dfjmw.com.cn/fangan/4937.html> (referer: http://www.dfjmw.com.cn/)
2018-05-30 20:57:14 [scrapy.log] INFO: trying to redirect us: http://www.dfjmw.com.cn/fangan/4936.html
2018-05-30 20:57:14 [scrapy.core.engine] DEBUG: Crawled (404) <GET http://www.dfjmw.com.cn/fangan/4936.html> (referer: http://www.dfjmw.com.cn/)
2018-05-30 20:57:14 [scrapy.spidermiddlewares.offsite] DEBUG: Filtered offsite request to 'www.ganxi360.net': <GET http://www.ganxi360.net>
2018-05-30 20:57:14 [scrapy.spidermiddlewares.offsite] DEBUG: Filtered offsite request to 'www.21yinpin.com': <GET http://www.21yinpin.com>
2018-05-30 20:57:14 [scrapy.spidermiddlewares.offsite] DEBUG: Filtered offsite request to 'ganxi.dezhoudaily.com': <GET http://ganxi.dezhoudaily.com/>
2018-05-30 20:57:14 [scrapy.spidermiddlewares.offsite] DEBUG: Filtered offsite request to 'www.miitbeian.gov.cn': <GET http://www.miitbeian.gov.cn>
2018-05-30 20:57:14 [scrapy.spidermiddlewares.offsite] DEBUG: Filtered offsite request to 'www.beian.gov.cn': <GET http://www.beian.gov.cn/portal/registerSystemInfo?recordcode=31011302003701>
2018-05-30 20:57:14 [scrapy.log] INFO: trying to redirect us: http://www.dfjmw.com.cn/fangan/4935.html
2018-05-30 20:57:14 [scrapy.core.engine] DEBUG: Crawled (404) <GET http://www.dfjmw.com.cn/fangan/4935.html> (referer: http://www.dfjmw.com.cn/)
2018-05-30 20:57:14 [scrapy.log] INFO: trying to redirect us: http://www.dfjmw.com.cn/fangan/4934.html
2018-05-30 20:57:14 [scrapy.core.engine] DEBUG: Crawled (404) <GET http://www.dfjmw.com.cn/fangan/4934.html> (referer: http://www.dfjmw.com.cn/)
2018-05-30 20:57:14 [scrapy.log] INFO: trying to redirect us: http://www.dfjmw.com.cn/fangan/4933.html
2018-05-30 20:57:14 [scrapy.core.engine] DEBUG: Crawled (404) <GET http://www.dfjmw.com.cn/fangan/4933.html> (referer: http://www.dfjmw.com.cn/)
2018-05-30 20:57:14 [scrapy.log] INFO: trying to redirect us: http://www.dfjmw.com.cn/peixun/1785.html
2018-05-30 20:57:14 [scrapy.core.engine] DEBUG: Crawled (404) <GET http://www.dfjmw.com.cn/peixun/1785.html> (referer: http://www.dfjmw.com.cn/)
2018-05-30 20:57:14 [scrapy.log] INFO: trying to redirect us: http://www.dfjmw.com.cn/peixun/2031.html
2018-05-30 20:57:14 [scrapy.core.engine] DEBUG: Crawled (404) <GET http://www.dfjmw.com.cn/peixun/2031.html> (referer: http://www.dfjmw.com.cn/)
2018-05-30 20:57:14 [scrapy.log] INFO: trying to redirect us: http://www.dfjmw.com.cn/fangan
2018-05-30 20:57:14 [scrapy.core.engine] DEBUG: Crawled (404) <GET http://www.dfjmw.com.cn/fangan> (referer: http://www.dfjmw.com.cn/)
2018-05-30 20:57:14 [scrapy.log] INFO: trying to redirect us: http://www.dfjmw.com.cn/zhinan
2018-05-30 20:57:14 [scrapy.core.engine] DEBUG: Crawled (404) <GET http://www.dfjmw.com.cn/zhinan> (referer: http://www.dfjmw.com.cn/)
2018-05-30 20:57:14 [scrapy.log] INFO: trying to redirect us: http://www.dfjmw.com.cn/jiage/10426.html
2018-05-30 20:57:14 [scrapy.core.engine] DEBUG: Crawled (404) <GET http://www.dfjmw.com.cn/jiage/10426.html> (referer: http://www.dfjmw.com.cn/)
2018-05-30 20:57:14 [scrapy.log] INFO: trying to redirect us: http://www.dfjmw.com.cn/templets/meiguiyuan/images/rongyu/15.jpg
2018-05-30 20:57:14 [scrapy.core.engine] DEBUG: Crawled (404) <GET http://www.dfjmw.com.cn/templets/meiguiyuan/images/rongyu/15.jpg> (referer: http://www.dfjmw.com.cn/)
2018-05-30 20:57:14 [scrapy.log] INFO: trying to redirect us: http://www.dfjmw.com.cn/templets/meiguiyuan/images/rongyu/11.jpg
2018-05-30 20:57:14 [scrapy.core.engine] DEBUG: Crawled (404) <GET http://www.dfjmw.com.cn/templets/meiguiyuan/images/rongyu/11.jpg> (referer: http://www.dfjmw.com.cn/)
2018-05-30 20:57:14 [scrapy.log] INFO: trying to redirect us: http://www.dfjmw.com.cn/templets/meiguiyuan/images/rongyu/8.jpg
2018-05-30 20:57:14 [scrapy.core.engine] DEBUG: Crawled (404) <GET http://www.dfjmw.com.cn/templets/meiguiyuan/images/rongyu/8.jpg> (referer: http://www.dfjmw.com.cn/)
2018-05-30 20:57:14 [scrapy.log] INFO: trying to redirect us: http://www.dfjmw.com.cn/templets/meiguiyuan/images/rongyu/7.jpg
2018-05-30 20:57:14 [scrapy.core.engine] DEBUG: Crawled (404) <GET http://www.dfjmw.com.cn/templets/meiguiyuan/images/rongyu/7.jpg> (referer: http://www.dfjmw.com.cn/)
2018-05-30 20:57:14 [scrapy.log] INFO: trying to redirect us: http://www.dfjmw.com.cn/templets/meiguiyuan/images/rongyu/5.jpg
2018-05-30 20:57:14 [scrapy.core.engine] DEBUG: Crawled (404) <GET http://www.dfjmw.com.cn/templets/meiguiyuan/images/rongyu/5.jpg> (referer: http://www.dfjmw.com.cn/)
2018-05-30 20:57:14 [scrapy.log] INFO: trying to redirect us: http://www.dfjmw.com.cn/templets/meiguiyuan/images/rongyu/4.jpg
2018-05-30 20:57:14 [scrapy.core.engine] DEBUG: Crawled (404) <GET http://www.dfjmw.com.cn/templets/meiguiyuan/images/rongyu/4.jpg> (referer: http://www.dfjmw.com.cn/)
2018-05-30 20:57:14 [scrapy.downloadermiddlewares.redirect] DEBUG: Redirecting (301) to <GET http://www.dfjmw.com.cn/wenda> from <GET http://www.dfjmw.com.cn/wenda/>
2018-05-30 20:57:14 [scrapy.log] INFO: trying to redirect us: http://www.dfjmw.com.cn/zhuanqian/9186.html
2018-05-30 20:57:14 [scrapy.core.engine] DEBUG: Crawled (404) <GET http://www.dfjmw.com.cn/zhuanqian/9186.html> (referer: http://www.dfjmw.com.cn/)
2018-05-30 20:57:14 [scrapy.log] INFO: trying to redirect us: http://www.dfjmw.com.cn/sitemap.xml
2018-05-30 20:57:14 [scrapy.core.engine] DEBUG: Crawled (404) <GET http://www.dfjmw.com.cn/sitemap.xml> (referer: http://www.dfjmw.com.cn/)
2018-05-30 20:57:14 [scrapy.downloadermiddlewares.redirect] DEBUG: Redirecting (301) to <GET http://www.dfjmw.com.cn/news> from <GET http://www.dfjmw.com.cn/news/>
2018-05-30 20:57:14 [scrapy.log] INFO: trying to redirect us: http://www.dfjmw.com.cn/zhuanqian/9187.html
2018-05-30 20:57:14 [scrapy.core.engine] DEBUG: Crawled (404) <GET http://www.dfjmw.com.cn/zhuanqian/9187.html> (referer: http://www.dfjmw.com.cn/)
2018-05-30 20:57:14 [scrapy.log] INFO: trying to redirect us: http://www.dfjmw.com.cn/zhuanqian/9200.html
2018-05-30 20:57:14 [scrapy.core.engine] DEBUG: Crawled (404) <GET http://www.dfjmw.com.cn/zhuanqian/9200.html> (referer: http://www.dfjmw.com.cn/)
2018-05-30 20:57:14 [scrapy.log] INFO: trying to redirect us: http://www.dfjmw.com.cn/zhuanqian/5470.html
2018-05-30 20:57:14 [scrapy.core.engine] DEBUG: Crawled (404) <GET http://www.dfjmw.com.cn/zhuanqian/5470.html> (referer: http://www.dfjmw.com.cn/)
2018-05-30 20:57:14 [scrapy.log] INFO: trying to redirect us: http://www.dfjmw.com.cn/zhuanqian/9378.html
2018-05-30 20:57:14 [scrapy.core.engine] DEBUG: Crawled (404) <GET http://www.dfjmw.com.cn/zhuanqian/9378.html> (referer: http://www.dfjmw.com.cn/)
2018-05-30 20:57:14 [scrapy.log] INFO: trying to redirect us: http://www.dfjmw.com.cn/zhuanqian/9696.html
2018-05-30 20:57:14 [scrapy.core.engine] DEBUG: Crawled (404) <GET http://www.dfjmw.com.cn/zhuanqian/9696.html> (referer: http://www.dfjmw.com.cn/)
2018-05-30 20:57:14 [scrapy.log] INFO: trying to redirect us: http://www.dfjmw.com.cn/zhuanqian/9732.html
2018-05-30 20:57:14 [scrapy.core.engine] DEBUG: Crawled (404) <GET http://www.dfjmw.com.cn/zhuanqian/9732.html> (referer: http://www.dfjmw.com.cn/)
2018-05-30 20:57:14 [scrapy.log] INFO: trying to redirect us: http://www.dfjmw.com.cn/zhuanqian/9753.html
2018-05-30 20:57:14 [scrapy.core.engine] DEBUG: Crawled (404) <GET http://www.dfjmw.com.cn/zhuanqian/9753.html> (referer: http://www.dfjmw.com.cn/)
2018-05-30 20:57:14 [scrapy.log] INFO: trying to redirect us: http://www.dfjmw.com.cn/zhuanqian/10466.html
2018-05-30 20:57:14 [scrapy.core.engine] DEBUG: Crawled (404) <GET http://www.dfjmw.com.cn/zhuanqian/10466.html> (referer: http://www.dfjmw.com.cn/)
2018-05-30 20:57:14 [scrapy.log] INFO: trying to redirect us: http://www.dfjmw.com.cn/zhuanqian/10483.html
2018-05-30 20:57:14 [scrapy.core.engine] DEBUG: Crawled (404) <GET http://www.dfjmw.com.cn/zhuanqian/10483.html> (referer: http://www.dfjmw.com.cn/)
2018-05-30 20:57:14 [scrapy.downloadermiddlewares.redirect] DEBUG: Redirecting (301) to <GET http://www.dfjmw.com.cn/zhuanqian> from <GET http://www.dfjmw.com.cn/zhuanqian/>
2018-05-30 20:57:14 [scrapy.log] INFO: trying to redirect us: http://www.dfjmw.com.cn/lirun/4234.html
2018-05-30 20:57:14 [scrapy.core.engine] DEBUG: Crawled (404) <GET http://www.dfjmw.com.cn/lirun/4234.html> (referer: http://www.dfjmw.com.cn/)
2018-05-30 20:57:14 [scrapy.log] INFO: trying to redirect us: http://www.dfjmw.com.cn/lirun/358.html
2018-05-30 20:57:14 [scrapy.core.engine] DEBUG: Crawled (404) <GET http://www.dfjmw.com.cn/lirun/358.html> (referer: http://www.dfjmw.com.cn/)
2018-05-30 20:57:14 [scrapy.log] INFO: trying to redirect us: http://www.dfjmw.com.cn/wenda
2018-05-30 20:57:14 [scrapy.core.engine] DEBUG: Crawled (404) <GET http://www.dfjmw.com.cn/wenda> (referer: http://www.dfjmw.com.cn/)
2018-05-30 20:57:14 [scrapy.log] INFO: trying to redirect us: http://www.dfjmw.com.cn/lirun/4222.html
2018-05-30 20:57:14 [scrapy.core.engine] DEBUG: Crawled (404) <GET http://www.dfjmw.com.cn/lirun/4222.html> (referer: http://www.dfjmw.com.cn/)
2018-05-30 20:57:14 [scrapy.log] INFO: trying to redirect us: http://www.dfjmw.com.cn/news
2018-05-30 20:57:14 [scrapy.core.engine] DEBUG: Crawled (404) <GET http://www.dfjmw.com.cn/news> (referer: http://www.dfjmw.com.cn/)
2018-05-30 20:57:14 [scrapy.log] INFO: trying to redirect us: http://www.dfjmw.com.cn/lirun/4221.html
2018-05-30 20:57:14 [scrapy.core.engine] DEBUG: Crawled (404) <GET http://www.dfjmw.com.cn/lirun/4221.html> (referer: http://www.dfjmw.com.cn/)
2018-05-30 20:57:14 [scrapy.log] INFO: trying to redirect us: http://www.dfjmw.com.cn/lirun/4224.html
2018-05-30 20:57:14 [scrapy.core.engine] DEBUG: Crawled (404) <GET http://www.dfjmw.com.cn/lirun/4224.html> (referer: http://www.dfjmw.com.cn/)
2018-05-30 20:57:14 [scrapy.log] INFO: trying to redirect us: http://www.dfjmw.com.cn/zhinan/4215.html
2018-05-30 20:57:14 [scrapy.core.engine] DEBUG: Crawled (404) <GET http://www.dfjmw.com.cn/zhinan/4215.html> (referer: http://www.dfjmw.com.cn/)
2018-05-30 20:57:14 [scrapy.log] INFO: trying to redirect us: http://www.dfjmw.com.cn/lirun/4217.html
2018-05-30 20:57:14 [scrapy.core.engine] DEBUG: Crawled (404) <GET http://www.dfjmw.com.cn/lirun/4217.html> (referer: http://www.dfjmw.com.cn/)
2018-05-30 20:57:14 [scrapy.log] INFO: trying to redirect us: http://www.dfjmw.com.cn/lirun/4216.html
2018-05-30 20:57:14 [scrapy.core.engine] DEBUG: Crawled (404) <GET http://www.dfjmw.com.cn/lirun/4216.html> (referer: http://www.dfjmw.com.cn/)
2018-05-30 20:57:14 [scrapy.log] INFO: trying to redirect us: http://www.dfjmw.com.cn/lirun/4218.html
2018-05-30 20:57:14 [scrapy.core.engine] DEBUG: Crawled (404) <GET http://www.dfjmw.com.cn/lirun/4218.html> (referer: http://www.dfjmw.com.cn/)
2018-05-30 20:57:14 [scrapy.log] INFO: trying to redirect us: http://www.dfjmw.com.cn/lirun/4205.html
2018-05-30 20:57:14 [scrapy.core.engine] DEBUG: Crawled (404) <GET http://www.dfjmw.com.cn/lirun/4205.html> (referer: http://www.dfjmw.com.cn/)
2018-05-30 20:57:14 [scrapy.core.scraper] DEBUG: Scraped from <404 http://www.dfjmw.com.cn/zhinan/10486.html>
{}
2018-05-30 20:57:14 [scrapy.log] INFO: trying to redirect us: http://www.dfjmw.com.cn/zhuanqian
2018-05-30 20:57:14 [scrapy.core.engine] DEBUG: Crawled (404) <GET http://www.dfjmw.com.cn/zhuanqian> (referer: http://www.dfjmw.com.cn/)
2018-05-30 20:57:14 [scrapy.log] INFO: trying to redirect us: http://www.dfjmw.com.cn/lirun/4204.html
2018-05-30 20:57:14 [scrapy.core.engine] DEBUG: Crawled (404) <GET http://www.dfjmw.com.cn/lirun/4204.html> (referer: http://www.dfjmw.com.cn/)
2018-05-30 20:57:14 [scrapy.log] INFO: trying to redirect us: http://www.dfjmw.com.cn/templets/meiguiyuan/images/rongyu/20.jpg
2018-05-30 20:57:14 [scrapy.core.engine] DEBUG: Crawled (404) <GET http://www.dfjmw.com.cn/templets/meiguiyuan/images/rongyu/20.jpg> (referer: http://www.dfjmw.com.cn/)
2018-05-30 20:57:14 [scrapy.log] INFO: trying to redirect us: http://www.dfjmw.com.cn/templets/meiguiyuan/images/rongyu/19.jpg
2018-05-30 20:57:14 [scrapy.core.engine] DEBUG: Crawled (404) <GET http://www.dfjmw.com.cn/templets/meiguiyuan/images/rongyu/19.jpg> (referer: http://www.dfjmw.com.cn/)
2018-05-30 20:57:14 [scrapy.log] INFO: trying to redirect us: http://www.dfjmw.com.cn/templets/meiguiyuan/images/rongyu/2.jpg
2018-05-30 20:57:14 [scrapy.core.engine] DEBUG: Crawled (404) <GET http://www.dfjmw.com.cn/templets/meiguiyuan/images/rongyu/2.jpg> (referer: http://www.dfjmw.com.cn/)
2018-05-30 20:57:14 [scrapy.log] INFO: trying to redirect us: http://www.dfjmw.com.cn/anli/5924.html
2018-05-30 20:57:14 [scrapy.core.engine] DEBUG: Crawled (404) <GET http://www.dfjmw.com.cn/anli/5924.html> (referer: http://www.dfjmw.com.cn/)
2018-05-30 20:57:14 [scrapy.core.scraper] DEBUG: Scraped from <404 http://www.dfjmw.com.cn/zhinan/4385.html>
{}
2018-05-30 20:57:14 [scrapy.core.scraper] DEBUG: Scraped from <404 http://www.dfjmw.com.cn/youshi/312.html>
{}
2018-05-30 20:57:14 [scrapy.core.scraper] DEBUG: Scraped from <404 http://www.dfjmw.com.cn/zhinan/10457.html>
{}
2018-05-30 20:57:14 [scrapy.core.scraper] DEBUG: Scraped from <404 http://www.dfjmw.com.cn/zhinan/10453.html>
{}
2018-05-30 20:57:14 [scrapy.core.scraper] DEBUG: Scraped from <404 http://www.dfjmw.com.cn/zhinan/10450.html>
{}
2018-05-30 20:57:14 [scrapy.log] INFO: trying to redirect us: http://www.dfjmw.com.cn/anli/6295.html
2018-05-30 20:57:14 [scrapy.core.engine] DEBUG: Crawled (404) <GET http://www.dfjmw.com.cn/anli/6295.html> (referer: http://www.dfjmw.com.cn/)
2018-05-30 20:57:14 [scrapy.log] INFO: trying to redirect us: http://www.dfjmw.com.cn/anli/6358.html
2018-05-30 20:57:14 [scrapy.core.engine] DEBUG: Crawled (404) <GET http://www.dfjmw.com.cn/anli/6358.html> (referer: http://www.dfjmw.com.cn/)
2018-05-30 20:57:14 [scrapy.core.scraper] DEBUG: Scraped from <404 http://www.dfjmw.com.cn/fangan/4937.html>
{}
2018-05-30 20:57:14 [scrapy.core.scraper] DEBUG: Scraped from <404 http://www.dfjmw.com.cn/fangan/4936.html>
{}
2018-05-30 20:57:14 [scrapy.core.scraper] DEBUG: Scraped from <404 http://www.dfjmw.com.cn/fangan/4935.html>
{}
2018-05-30 20:57:14 [scrapy.core.scraper] DEBUG: Scraped from <404 http://www.dfjmw.com.cn/fangan/4934.html>
{}
2018-05-30 20:57:14 [scrapy.core.scraper] DEBUG: Scraped from <404 http://www.dfjmw.com.cn/fangan/4933.html>
{}
2018-05-30 20:57:14 [scrapy.core.scraper] DEBUG: Scraped from <404 http://www.dfjmw.com.cn/peixun/1785.html>
{}
2018-05-30 20:57:14 [scrapy.core.scraper] DEBUG: Scraped from <404 http://www.dfjmw.com.cn/peixun/2031.html>
{}
2018-05-30 20:57:14 [scrapy.core.scraper] DEBUG: Scraped from <404 http://www.dfjmw.com.cn/fangan>
{}
2018-05-30 20:57:14 [scrapy.core.scraper] DEBUG: Scraped from <404 http://www.dfjmw.com.cn/zhinan>
{}
2018-05-30 20:57:14 [scrapy.core.scraper] DEBUG: Scraped from <404 http://www.dfjmw.com.cn/jiage/10426.html>
{}
2018-05-30 20:57:14 [scrapy.core.scraper] DEBUG: Scraped from <404 http://www.dfjmw.com.cn/templets/meiguiyuan/images/rongyu/15.jpg>
{}
2018-05-30 20:57:14 [scrapy.core.scraper] DEBUG: Scraped from <404 http://www.dfjmw.com.cn/templets/meiguiyuan/images/rongyu/11.jpg>
{}
2018-05-30 20:57:14 [scrapy.log] INFO: trying to redirect us: http://www.dfjmw.com.cn/anli/6522.html
2018-05-30 20:57:14 [scrapy.core.engine] DEBUG: Crawled (404) <GET http://www.dfjmw.com.cn/anli/6522.html> (referer: http://www.dfjmw.com.cn/)
2018-05-30 20:57:14 [scrapy.log] INFO: trying to redirect us: http://www.dfjmw.com.cn/anli/9538.html
2018-05-30 20:57:14 [scrapy.core.engine] DEBUG: Crawled (404) <GET http://www.dfjmw.com.cn/anli/9538.html> (referer: http://www.dfjmw.com.cn/)
2018-05-30 20:57:14 [scrapy.log] INFO: trying to redirect us: http://www.dfjmw.com.cn/anli/10494.html
2018-05-30 20:57:14 [scrapy.core.engine] DEBUG: Crawled (404) <GET http://www.dfjmw.com.cn/anli/10494.html> (referer: http://www.dfjmw.com.cn/)
2018-05-30 20:57:14 [scrapy.log] INFO: trying to redirect us: http://www.dfjmw.com.cn/anli/10500.html
2018-05-30 20:57:14 [scrapy.core.engine] DEBUG: Crawled (404) <GET http://www.dfjmw.com.cn/anli/10500.html> (referer: http://www.dfjmw.com.cn/)
2018-05-30 20:57:14 [scrapy.log] INFO: trying to redirect us: http://www.dfjmw.com.cn/anli/10531.html
2018-05-30 20:57:14 [scrapy.core.engine] DEBUG: Crawled (404) <GET http://www.dfjmw.com.cn/anli/10531.html> (referer: http://www.dfjmw.com.cn/)
2018-05-30 20:57:14 [scrapy.downloadermiddlewares.redirect] DEBUG: Redirecting (301) to <GET http://www.dfjmw.com.cn/anli> from <GET http://www.dfjmw.com.cn/anli/>
2018-05-30 20:57:14 [scrapy.core.scraper] DEBUG: Scraped from <404 http://www.dfjmw.com.cn/templets/meiguiyuan/images/rongyu/8.jpg>
{}
2018-05-30 20:57:14 [scrapy.core.scraper] DEBUG: Scraped from <404 http://www.dfjmw.com.cn/templets/meiguiyuan/images/rongyu/7.jpg>
{}
2018-05-30 20:57:14 [scrapy.core.scraper] DEBUG: Scraped from <404 http://www.dfjmw.com.cn/templets/meiguiyuan/images/rongyu/5.jpg>
{}
2018-05-30 20:57:14 [scrapy.core.scraper] DEBUG: Scraped from <404 http://www.dfjmw.com.cn/templets/meiguiyuan/images/rongyu/4.jpg>
{}
2018-05-30 20:57:14 [scrapy.core.scraper] DEBUG: Scraped from <404 http://www.dfjmw.com.cn/zhuanqian/9186.html>
{}
2018-05-30 20:57:14 [scrapy.core.scraper] DEBUG: Scraped from <404 http://www.dfjmw.com.cn/sitemap.xml>
{}
2018-05-30 20:57:14 [scrapy.core.scraper] DEBUG: Scraped from <404 http://www.dfjmw.com.cn/zhuanqian/9187.html>
{}
2018-05-30 20:57:14 [scrapy.core.scraper] DEBUG: Scraped from <404 http://www.dfjmw.com.cn/zhuanqian/9200.html>
{}
2018-05-30 20:57:14 [scrapy.core.scraper] DEBUG: Scraped from <404 http://www.dfjmw.com.cn/zhuanqian/5470.html>
{}
2018-05-30 20:57:14 [scrapy.core.scraper] DEBUG: Scraped from <404 http://www.dfjmw.com.cn/zhuanqian/9378.html>
{}
2018-05-30 20:57:14 [scrapy.core.scraper] DEBUG: Scraped from <404 http://www.dfjmw.com.cn/zhuanqian/9696.html>
{}
2018-05-30 20:57:14 [scrapy.core.scraper] DEBUG: Scraped from <404 http://www.dfjmw.com.cn/zhuanqian/9732.html>
{}
2018-05-30 20:57:14 [scrapy.core.scraper] DEBUG: Scraped from <404 http://www.dfjmw.com.cn/zhuanqian/9753.html>
{}
2018-05-30 20:57:14 [scrapy.core.scraper] DEBUG: Scraped from <404 http://www.dfjmw.com.cn/zhuanqian/10466.html>
{}
2018-05-30 20:57:14 [scrapy.core.scraper] DEBUG: Scraped from <404 http://www.dfjmw.com.cn/zhuanqian/10483.html>
{}
2018-05-30 20:57:14 [scrapy.core.scraper] DEBUG: Scraped from <404 http://www.dfjmw.com.cn/lirun/4234.html>
{}
2018-05-30 20:57:14 [scrapy.core.scraper] DEBUG: Scraped from <404 http://www.dfjmw.com.cn/lirun/358.html>
{}
2018-05-30 20:57:14 [scrapy.core.scraper] DEBUG: Scraped from <404 http://www.dfjmw.com.cn/wenda>
{}
2018-05-30 20:57:14 [scrapy.core.scraper] DEBUG: Scraped from <404 http://www.dfjmw.com.cn/lirun/4222.html>
{}
2018-05-30 20:57:14 [scrapy.core.scraper] DEBUG: Scraped from <404 http://www.dfjmw.com.cn/news>
{}
2018-05-30 20:57:14 [scrapy.core.scraper] DEBUG: Scraped from <404 http://www.dfjmw.com.cn/lirun/4221.html>
{}
2018-05-30 20:57:14 [scrapy.core.scraper] DEBUG: Scraped from <404 http://www.dfjmw.com.cn/lirun/4224.html>
{}
2018-05-30 20:57:14 [scrapy.core.scraper] DEBUG: Scraped from <404 http://www.dfjmw.com.cn/zhinan/4215.html>
{}
2018-05-30 20:57:14 [scrapy.core.scraper] DEBUG: Scraped from <404 http://www.dfjmw.com.cn/lirun/4217.html>
{}
2018-05-30 20:57:14 [scrapy.core.scraper] DEBUG: Scraped from <404 http://www.dfjmw.com.cn/lirun/4216.html>
{}
2018-05-30 20:57:14 [scrapy.log] INFO: trying to redirect us: http://www.dfjmw.com.cn/jiamengdian/210.html
2018-05-30 20:57:14 [scrapy.core.engine] DEBUG: Crawled (404) <GET http://www.dfjmw.com.cn/jiamengdian/210.html> (referer: http://www.dfjmw.com.cn/)
2018-05-30 20:57:14 [scrapy.log] INFO: trying to redirect us: http://www.dfjmw.com.cn/jiamengdian/214.html
2018-05-30 20:57:14 [scrapy.core.engine] DEBUG: Crawled (404) <GET http://www.dfjmw.com.cn/jiamengdian/214.html> (referer: http://www.dfjmw.com.cn/)
2018-05-30 20:57:14 [scrapy.core.scraper] DEBUG: Scraped from <404 http://www.dfjmw.com.cn/lirun/4218.html>
{}
2018-05-30 20:57:14 [scrapy.core.scraper] DEBUG: Scraped from <404 http://www.dfjmw.com.cn/lirun/4205.html>
{}
2018-05-30 20:57:14 [scrapy.core.scraper] DEBUG: Scraped from <404 http://www.dfjmw.com.cn/zhuanqian>
{}
2018-05-30 20:57:14 [scrapy.core.scraper] DEBUG: Scraped from <404 http://www.dfjmw.com.cn/lirun/4204.html>
{}
2018-05-30 20:57:14 [scrapy.core.scraper] DEBUG: Scraped from <404 http://www.dfjmw.com.cn/templets/meiguiyuan/images/rongyu/20.jpg>
{}
2018-05-30 20:57:14 [scrapy.core.scraper] DEBUG: Scraped from <404 http://www.dfjmw.com.cn/templets/meiguiyuan/images/rongyu/19.jpg>
{}
2018-05-30 20:57:14 [scrapy.core.scraper] DEBUG: Scraped from <404 http://www.dfjmw.com.cn/templets/meiguiyuan/images/rongyu/2.jpg>
{}
2018-05-30 20:57:14 [scrapy.core.scraper] DEBUG: Scraped from <404 http://www.dfjmw.com.cn/anli/5924.html>
{}
2018-05-30 20:57:14 [scrapy.log] INFO: trying to redirect us: http://www.dfjmw.com.cn/jiamengdian/224.html
2018-05-30 20:57:14 [scrapy.core.engine] DEBUG: Crawled (404) <GET http://www.dfjmw.com.cn/jiamengdian/224.html> (referer: http://www.dfjmw.com.cn/)
2018-05-30 20:57:14 [scrapy.log] INFO: trying to redirect us: http://www.dfjmw.com.cn/jiamengdian/273.html
2018-05-30 20:57:14 [scrapy.core.engine] DEBUG: Crawled (404) <GET http://www.dfjmw.com.cn/jiamengdian/273.html> (referer: http://www.dfjmw.com.cn/)
2018-05-30 20:57:14 [scrapy.log] INFO: trying to redirect us: http://www.dfjmw.com.cn/jiamengdian/276.html
2018-05-30 20:57:14 [scrapy.core.engine] DEBUG: Crawled (404) <GET http://www.dfjmw.com.cn/jiamengdian/276.html> (referer: http://www.dfjmw.com.cn/)
2018-05-30 20:57:14 [scrapy.downloadermiddlewares.redirect] DEBUG: Redirecting (301) to <GET http://www.dfjmw.com.cn/jiamengdian> from <GET http://www.dfjmw.com.cn/jiamengdian/>
2018-05-30 20:57:14 [scrapy.log] INFO: trying to redirect us: http://www.dfjmw.com.cn/jiage/10390.html
2018-05-30 20:57:14 [scrapy.core.engine] DEBUG: Crawled (404) <GET http://www.dfjmw.com.cn/jiage/10390.html> (referer: http://www.dfjmw.com.cn/)
2018-05-30 20:57:14 [scrapy.log] INFO: trying to redirect us: http://www.dfjmw.com.cn/jiage/10399.html
2018-05-30 20:57:14 [scrapy.core.engine] DEBUG: Crawled (404) <GET http://www.dfjmw.com.cn/jiage/10399.html> (referer: http://www.dfjmw.com.cn/)
2018-05-30 20:57:14 [scrapy.core.scraper] DEBUG: Scraped from <404 http://www.dfjmw.com.cn/anli/6295.html>
{}
2018-05-30 20:57:14 [scrapy.core.scraper] DEBUG: Scraped from <404 http://www.dfjmw.com.cn/anli/6358.html>
{}
2018-05-30 20:57:14 [scrapy.log] INFO: trying to redirect us: http://www.dfjmw.com.cn/jiage/10404.html
2018-05-30 20:57:14 [scrapy.core.engine] DEBUG: Crawled (404) <GET http://www.dfjmw.com.cn/jiage/10404.html> (referer: http://www.dfjmw.com.cn/)
2018-05-30 20:57:14 [scrapy.log] INFO: trying to redirect us: http://www.dfjmw.com.cn/jiage/10410.html
2018-05-30 20:57:14 [scrapy.core.engine] DEBUG: Crawled (404) <GET http://www.dfjmw.com.cn/jiage/10410.html> (referer: http://www.dfjmw.com.cn/)
2018-05-30 20:57:14 [scrapy.core.scraper] DEBUG: Scraped from <404 http://www.dfjmw.com.cn/anli/6522.html>
{}
2018-05-30 20:57:14 [scrapy.core.scraper] DEBUG: Scraped from <404 http://www.dfjmw.com.cn/anli/9538.html>
{}
2018-05-30 20:57:14 [scrapy.core.scraper] DEBUG: Scraped from <404 http://www.dfjmw.com.cn/anli/10494.html>
{}
2018-05-30 20:57:14 [scrapy.core.scraper] DEBUG: Scraped from <404 http://www.dfjmw.com.cn/anli/10500.html>
{}
2018-05-30 20:57:14 [scrapy.core.scraper] DEBUG: Scraped from <404 http://www.dfjmw.com.cn/anli/10531.html>
{}
2018-05-30 20:57:14 [scrapy.log] INFO: trying to redirect us: http://www.dfjmw.com.cn/anli
2018-05-30 20:57:14 [scrapy.core.engine] DEBUG: Crawled (404) <GET http://www.dfjmw.com.cn/anli> (referer: http://www.dfjmw.com.cn/)
2018-05-30 20:57:14 [scrapy.log] INFO: trying to redirect us: http://www.dfjmw.com.cn/jiage/10436.html
2018-05-30 20:57:14 [scrapy.core.engine] DEBUG: Crawled (404) <GET http://www.dfjmw.com.cn/jiage/10436.html> (referer: http://www.dfjmw.com.cn/)
2018-05-30 20:57:14 [scrapy.log] INFO: trying to redirect us: http://www.dfjmw.com.cn/jiage/10440.html
2018-05-30 20:57:14 [scrapy.core.engine] DEBUG: Crawled (404) <GET http://www.dfjmw.com.cn/jiage/10440.html> (referer: http://www.dfjmw.com.cn/)
2018-05-30 20:57:14 [scrapy.log] INFO: trying to redirect us: http://www.dfjmw.com.cn/jiage/10441.html
2018-05-30 20:57:14 [scrapy.core.engine] DEBUG: Crawled (404) <GET http://www.dfjmw.com.cn/jiage/10441.html> (referer: http://www.dfjmw.com.cn/)
2018-05-30 20:57:14 [scrapy.log] INFO: trying to redirect us: http://www.dfjmw.com.cn/shebei/10400.html
2018-05-30 20:57:14 [scrapy.core.engine] DEBUG: Crawled (404) <GET http://www.dfjmw.com.cn/shebei/10400.html> (referer: http://www.dfjmw.com.cn/)
2018-05-30 20:57:14 [scrapy.log] INFO: trying to redirect us: http://www.dfjmw.com.cn/shebei/10409.html
2018-05-30 20:57:14 [scrapy.core.engine] DEBUG: Crawled (404) <GET http://www.dfjmw.com.cn/shebei/10409.html> (referer: http://www.dfjmw.com.cn/)
2018-05-30 20:57:14 [scrapy.log] INFO: trying to redirect us: http://www.dfjmw.com.cn/shebei/10416.html
2018-05-30 20:57:14 [scrapy.core.engine] DEBUG: Crawled (404) <GET http://www.dfjmw.com.cn/shebei/10416.html> (referer: http://www.dfjmw.com.cn/)
2018-05-30 20:57:14 [scrapy.log] INFO: trying to redirect us: http://www.dfjmw.com.cn/shebei/10427.html
2018-05-30 20:57:14 [scrapy.core.engine] DEBUG: Crawled (404) <GET http://www.dfjmw.com.cn/shebei/10427.html> (referer: http://www.dfjmw.com.cn/)
2018-05-30 20:57:14 [scrapy.log] INFO: trying to redirect us: http://www.dfjmw.com.cn/jiamengdian
2018-05-30 20:57:14 [scrapy.core.engine] DEBUG: Crawled (404) <GET http://www.dfjmw.com.cn/jiamengdian> (referer: http://www.dfjmw.com.cn/)
2018-05-30 20:57:14 [scrapy.log] INFO: trying to redirect us: http://www.dfjmw.com.cn/shebei/10428.html
2018-05-30 20:57:14 [scrapy.core.engine] DEBUG: Crawled (404) <GET http://www.dfjmw.com.cn/shebei/10428.html> (referer: http://www.dfjmw.com.cn/)
2018-05-30 20:57:14 [scrapy.log] INFO: trying to redirect us: http://www.dfjmw.com.cn/shebei/10437.html
2018-05-30 20:57:14 [scrapy.core.engine] DEBUG: Crawled (404) <GET http://www.dfjmw.com.cn/shebei/10437.html> (referer: http://www.dfjmw.com.cn/)
2018-05-30 20:57:14 [scrapy.log] INFO: trying to redirect us: http://www.dfjmw.com.cn/shebei/10439.html
2018-05-30 20:57:14 [scrapy.core.engine] DEBUG: Crawled (404) <GET http://www.dfjmw.com.cn/shebei/10439.html> (referer: http://www.dfjmw.com.cn/)
2018-05-30 20:57:14 [scrapy.log] INFO: trying to redirect us: http://www.dfjmw.com.cn/shebei/10452.html
2018-05-30 20:57:14 [scrapy.core.engine] DEBUG: Crawled (404) <GET http://www.dfjmw.com.cn/shebei/10452.html> (referer: http://www.dfjmw.com.cn/)
2018-05-30 20:57:14 [scrapy.log] INFO: trying to redirect us: http://www.dfjmw.com.cn/chat/chat.html
2018-05-30 20:57:14 [scrapy.core.engine] DEBUG: Crawled (404) <GET http://www.dfjmw.com.cn/chat/chat.html> (referer: http://www.dfjmw.com.cn/)
2018-05-30 20:57:14 [scrapy.core.scraper] DEBUG: Scraped from <404 http://www.dfjmw.com.cn/jiamengdian/210.html>
{}
2018-05-30 20:57:14 [scrapy.downloadermiddlewares.redirect] DEBUG: Redirecting (301) to <GET http://www.dfjmw.com.cn/youshi/9215.html> from <GET http://www.dfjmw.com.cn/dongtai/9215.html>
2018-05-30 20:57:14 [scrapy.downloadermiddlewares.redirect] DEBUG: Redirecting (301) to <GET http://www.dfjmw.com.cn/youshi/9288.html> from <GET http://www.dfjmw.com.cn/dongtai/9288.html>
2018-05-30 20:57:14 [scrapy.core.scraper] DEBUG: Scraped from <404 http://www.dfjmw.com.cn/jiamengdian/214.html>
{}
2018-05-30 20:57:14 [scrapy.downloadermiddlewares.redirect] DEBUG: Redirecting (301) to <GET http://www.dfjmw.com.cn/youshi/9316.html> from <GET http://www.dfjmw.com.cn/dongtai/9316.html>
2018-05-30 20:57:14 [scrapy.downloadermiddlewares.redirect] DEBUG: Redirecting (301) to <GET http://www.dfjmw.com.cn/youshi/9318.html> from <GET http://www.dfjmw.com.cn/dongtai/9318.html>
2018-05-30 20:57:14 [scrapy.downloadermiddlewares.redirect] DEBUG: Redirecting (301) to <GET http://www.dfjmw.com.cn/youshi/9440.html> from <GET http://www.dfjmw.com.cn/dongtai/9440.html>
2018-05-30 20:57:14 [scrapy.downloadermiddlewares.redirect] DEBUG: Redirecting (301) to <GET http://www.dfjmw.com.cn/youshi/9441.html> from <GET http://www.dfjmw.com.cn/dongtai/9441.html>
2018-05-30 20:57:14 [scrapy.downloadermiddlewares.redirect] DEBUG: Redirecting (301) to <GET http://www.dfjmw.com.cn/youshi/9450.html> from <GET http://www.dfjmw.com.cn/dongtai/9450.html>
2018-05-30 20:57:14 [scrapy.downloadermiddlewares.redirect] DEBUG: Redirecting (301) to <GET http://www.dfjmw.com.cn/youshi/9451.html> from <GET http://www.dfjmw.com.cn/dongtai/9451.html>
2018-05-30 20:57:14 [scrapy.downloadermiddlewares.redirect] DEBUG: Redirecting (301) to <GET http://www.dfjmw.com.cn/youshi/9467.html> from <GET http://www.dfjmw.com.cn/dongtai/9467.html>
2018-05-30 20:57:14 [scrapy.downloadermiddlewares.redirect] DEBUG: Redirecting (301) to <GET http://www.dfjmw.com.cn/youshi/9474.html> from <GET http://www.dfjmw.com.cn/dongtai/9474.html>
2018-05-30 20:57:14 [scrapy.downloadermiddlewares.redirect] DEBUG: Redirecting (301) to <GET http://www.dfjmw.com.cn/youshi/9475.html> from <GET http://www.dfjmw.com.cn/dongtai/9475.html>
2018-05-30 20:57:14 [scrapy.downloadermiddlewares.redirect] DEBUG: Redirecting (301) to <GET http://www.dfjmw.com.cn/youshi/9476.html> from <GET http://www.dfjmw.com.cn/dongtai/9476.html>
2018-05-30 20:57:14 [scrapy.downloadermiddlewares.redirect] DEBUG: Redirecting (301) to <GET http://www.dfjmw.com.cn/youshi/9490.html> from <GET http://www.dfjmw.com.cn/dongtai/9490.html>
2018-05-30 20:57:14 [scrapy.downloadermiddlewares.redirect] DEBUG: Redirecting (301) to <GET http://www.dfjmw.com.cn/youshi/9528.html> from <GET http://www.dfjmw.com.cn/dongtai/9528.html>
2018-05-30 20:57:14 [scrapy.downloadermiddlewares.redirect] DEBUG: Redirecting (301) to <GET http://www.dfjmw.com.cn/youshi/9535.html> from <GET http://www.dfjmw.com.cn/dongtai/9535.html>
2018-05-30 20:57:14 [scrapy.downloadermiddlewares.redirect] DEBUG: Redirecting (301) to <GET http://www.dfjmw.com.cn/youshi/9547.html> from <GET http://www.dfjmw.com.cn/dongtai/9547.html>
2018-05-30 20:57:14 [scrapy.core.scraper] DEBUG: Scraped from <404 http://www.dfjmw.com.cn/jiamengdian/224.html>
{}
2018-05-30 20:57:14 [scrapy.core.scraper] DEBUG: Scraped from <404 http://www.dfjmw.com.cn/jiamengdian/273.html>
{}
2018-05-30 20:57:14 [scrapy.core.scraper] DEBUG: Scraped from <404 http://www.dfjmw.com.cn/jiamengdian/276.html>
{}
2018-05-30 20:57:14 [scrapy.log] INFO: trying to redirect us: http://www.dfjmw.com.cn/youshi/9288.html
2018-05-30 20:57:14 [scrapy.core.engine] DEBUG: Crawled (404) <GET http://www.dfjmw.com.cn/youshi/9288.html> (referer: http://www.dfjmw.com.cn/)
2018-05-30 20:57:14 [scrapy.log] INFO: trying to redirect us: http://www.dfjmw.com.cn/youshi/9215.html
2018-05-30 20:57:14 [scrapy.core.engine] DEBUG: Crawled (404) <GET http://www.dfjmw.com.cn/youshi/9215.html> (referer: http://www.dfjmw.com.cn/)
2018-05-30 20:57:14 [scrapy.core.scraper] DEBUG: Scraped from <404 http://www.dfjmw.com.cn/jiage/10390.html>
{}
2018-05-30 20:57:14 [scrapy.core.scraper] DEBUG: Scraped from <404 http://www.dfjmw.com.cn/jiage/10399.html>
{}
2018-05-30 20:57:14 [scrapy.log] INFO: trying to redirect us: http://www.dfjmw.com.cn/youshi/9451.html
2018-05-30 20:57:14 [scrapy.core.engine] DEBUG: Crawled (404) <GET http://www.dfjmw.com.cn/youshi/9451.html> (referer: http://www.dfjmw.com.cn/)
2018-05-30 20:57:14 [scrapy.log] INFO: trying to redirect us: http://www.dfjmw.com.cn/youshi/9450.html
2018-05-30 20:57:14 [scrapy.core.engine] DEBUG: Crawled (404) <GET http://www.dfjmw.com.cn/youshi/9450.html> (referer: http://www.dfjmw.com.cn/)
2018-05-30 20:57:14 [scrapy.log] INFO: trying to redirect us: http://www.dfjmw.com.cn/youshi/9441.html
2018-05-30 20:57:14 [scrapy.core.engine] DEBUG: Crawled (404) <GET http://www.dfjmw.com.cn/youshi/9441.html> (referer: http://www.dfjmw.com.cn/)
2018-05-30 20:57:14 [scrapy.log] INFO: trying to redirect us: http://www.dfjmw.com.cn/youshi/9440.html
2018-05-30 20:57:14 [scrapy.core.engine] DEBUG: Crawled (404) <GET http://www.dfjmw.com.cn/youshi/9440.html> (referer: http://www.dfjmw.com.cn/)
2018-05-30 20:57:14 [scrapy.log] INFO: trying to redirect us: http://www.dfjmw.com.cn/youshi/9318.html
2018-05-30 20:57:14 [scrapy.core.engine] DEBUG: Crawled (404) <GET http://www.dfjmw.com.cn/youshi/9318.html> (referer: http://www.dfjmw.com.cn/)
2018-05-30 20:57:14 [scrapy.log] INFO: trying to redirect us: http://www.dfjmw.com.cn/youshi/9316.html
2018-05-30 20:57:14 [scrapy.core.engine] DEBUG: Crawled (404) <GET http://www.dfjmw.com.cn/youshi/9316.html> (referer: http://www.dfjmw.com.cn/)
2018-05-30 20:57:14 [scrapy.log] INFO: trying to redirect us: http://www.dfjmw.com.cn/youshi/9474.html
2018-05-30 20:57:14 [scrapy.core.engine] DEBUG: Crawled (404) <GET http://www.dfjmw.com.cn/youshi/9474.html> (referer: http://www.dfjmw.com.cn/)
2018-05-30 20:57:14 [scrapy.log] INFO: trying to redirect us: http://www.dfjmw.com.cn/youshi/9467.html
2018-05-30 20:57:14 [scrapy.core.engine] DEBUG: Crawled (404) <GET http://www.dfjmw.com.cn/youshi/9467.html> (referer: http://www.dfjmw.com.cn/)
2018-05-30 20:57:14 [scrapy.core.scraper] DEBUG: Scraped from <404 http://www.dfjmw.com.cn/jiage/10404.html>
{}
2018-05-30 20:57:14 [scrapy.core.scraper] DEBUG: Scraped from <404 http://www.dfjmw.com.cn/jiage/10410.html>
{}
2018-05-30 20:57:14 [scrapy.log] INFO: trying to redirect us: http://www.dfjmw.com.cn/youshi/9547.html
2018-05-30 20:57:14 [scrapy.core.engine] DEBUG: Crawled (404) <GET http://www.dfjmw.com.cn/youshi/9547.html> (referer: http://www.dfjmw.com.cn/)
2018-05-30 20:57:14 [scrapy.log] INFO: trying to redirect us: http://www.dfjmw.com.cn/youshi/9535.html
2018-05-30 20:57:14 [scrapy.core.engine] DEBUG: Crawled (404) <GET http://www.dfjmw.com.cn/youshi/9535.html> (referer: http://www.dfjmw.com.cn/)
2018-05-30 20:57:14 [scrapy.log] INFO: trying to redirect us: http://www.dfjmw.com.cn/youshi/9528.html
2018-05-30 20:57:14 [scrapy.core.engine] DEBUG: Crawled (404) <GET http://www.dfjmw.com.cn/youshi/9528.html> (referer: http://www.dfjmw.com.cn/)
2018-05-30 20:57:14 [scrapy.log] INFO: trying to redirect us: http://www.dfjmw.com.cn/youshi/9490.html
2018-05-30 20:57:14 [scrapy.core.engine] DEBUG: Crawled (404) <GET http://www.dfjmw.com.cn/youshi/9490.html> (referer: http://www.dfjmw.com.cn/)
2018-05-30 20:57:14 [scrapy.log] INFO: trying to redirect us: http://www.dfjmw.com.cn/youshi/9476.html
2018-05-30 20:57:14 [scrapy.core.engine] DEBUG: Crawled (404) <GET http://www.dfjmw.com.cn/youshi/9476.html> (referer: http://www.dfjmw.com.cn/)
2018-05-30 20:57:14 [scrapy.log] INFO: trying to redirect us: http://www.dfjmw.com.cn/youshi/9475.html
2018-05-30 20:57:14 [scrapy.core.engine] DEBUG: Crawled (404) <GET http://www.dfjmw.com.cn/youshi/9475.html> (referer: http://www.dfjmw.com.cn/)
2018-05-30 20:57:14 [scrapy.downloadermiddlewares.redirect] DEBUG: Redirecting (301) to <GET http://www.dfjmw.com.cn/youshi/9556.html> from <GET http://www.dfjmw.com.cn/dongtai/9556.html>
2018-05-30 20:57:14 [scrapy.downloadermiddlewares.redirect] DEBUG: Redirecting (301) to <GET http://www.dfjmw.com.cn/youshi/9562.html> from <GET http://www.dfjmw.com.cn/dongtai/9562.html>
2018-05-30 20:57:14 [scrapy.core.scraper] DEBUG: Scraped from <404 http://www.dfjmw.com.cn/anli>
{}
2018-05-30 20:57:14 [scrapy.core.scraper] DEBUG: Scraped from <404 http://www.dfjmw.com.cn/jiage/10436.html>
{}
2018-05-30 20:57:14 [scrapy.core.scraper] DEBUG: Scraped from <404 http://www.dfjmw.com.cn/jiage/10440.html>
{}
2018-05-30 20:57:14 [scrapy.core.scraper] DEBUG: Scraped from <404 http://www.dfjmw.com.cn/jiage/10441.html>
{}
2018-05-30 20:57:14 [scrapy.core.scraper] DEBUG: Scraped from <404 http://www.dfjmw.com.cn/shebei/10400.html>
{}
2018-05-30 20:57:14 [scrapy.core.scraper] DEBUG: Scraped from <404 http://www.dfjmw.com.cn/shebei/10409.html>
{}
2018-05-30 20:57:14 [scrapy.core.scraper] DEBUG: Scraped from <404 http://www.dfjmw.com.cn/shebei/10416.html>
{}
2018-05-30 20:57:14 [scrapy.downloadermiddlewares.redirect] DEBUG: Redirecting (301) to <GET http://www.dfjmw.com.cn/youshi/9572.html> from <GET http://www.dfjmw.com.cn/dongtai/9572.html>
2018-05-30 20:57:14 [scrapy.downloadermiddlewares.redirect] DEBUG: Redirecting (301) to <GET http://www.dfjmw.com.cn/youshi/9576.html> from <GET http://www.dfjmw.com.cn/dongtai/9576.html>
2018-05-30 20:57:14 [scrapy.downloadermiddlewares.redirect] DEBUG: Redirecting (301) to <GET http://www.dfjmw.com.cn/youshi/9584.html> from <GET http://www.dfjmw.com.cn/dongtai/9584.html>
2018-05-30 20:57:14 [scrapy.downloadermiddlewares.redirect] DEBUG: Redirecting (301) to <GET http://www.dfjmw.com.cn/youshi/9591.html> from <GET http://www.dfjmw.com.cn/dongtai/9591.html>
2018-05-30 20:57:14 [scrapy.downloadermiddlewares.redirect] DEBUG: Redirecting (301) to <GET http://www.dfjmw.com.cn/youshi/9697.html> from <GET http://www.dfjmw.com.cn/dongtai/9697.html>
2018-05-30 20:57:14 [scrapy.downloadermiddlewares.redirect] DEBUG: Redirecting (301) to <GET http://www.dfjmw.com.cn/youshi/9723.html> from <GET http://www.dfjmw.com.cn/dongtai/9723.html>
2018-05-30 20:57:14 [scrapy.core.scraper] DEBUG: Scraped from <404 http://www.dfjmw.com.cn/shebei/10427.html>
{}
2018-05-30 20:57:14 [scrapy.core.scraper] DEBUG: Scraped from <404 http://www.dfjmw.com.cn/jiamengdian>
{}
2018-05-30 20:57:14 [scrapy.core.scraper] DEBUG: Scraped from <404 http://www.dfjmw.com.cn/shebei/10428.html>
{}
2018-05-30 20:57:14 [scrapy.core.scraper] DEBUG: Scraped from <404 http://www.dfjmw.com.cn/shebei/10437.html>
{}
2018-05-30 20:57:14 [scrapy.core.scraper] DEBUG: Scraped from <404 http://www.dfjmw.com.cn/shebei/10439.html>
{}
2018-05-30 20:57:14 [scrapy.core.scraper] DEBUG: Scraped from <404 http://www.dfjmw.com.cn/shebei/10452.html>
{}
2018-05-30 20:57:14 [scrapy.core.scraper] DEBUG: Scraped from <404 http://www.dfjmw.com.cn/chat/chat.html>
{}
2018-05-30 20:57:14 [scrapy.downloadermiddlewares.redirect] DEBUG: Redirecting (301) to <GET http://www.dfjmw.com.cn/youshi/9725.html> from <GET http://www.dfjmw.com.cn/dongtai/9725.html>
2018-05-30 20:57:14 [scrapy.downloadermiddlewares.redirect] DEBUG: Redirecting (301) to <GET http://www.dfjmw.com.cn/youshi/514.html> from <GET http://www.dfjmw.com.cn/dongtai/514.html>
2018-05-30 20:57:14 [scrapy.downloadermiddlewares.redirect] DEBUG: Redirecting (301) to <GET http://www.dfjmw.com.cn/youshi/1389.html> from <GET http://www.dfjmw.com.cn/dongtai/1389.html>
2018-05-30 20:57:14 [scrapy.downloadermiddlewares.redirect] DEBUG: Redirecting (301) to <GET http://www.dfjmw.com.cn/youshi/10468.html> from <GET http://www.dfjmw.com.cn/dongtai/10468.html>
2018-05-30 20:57:14 [scrapy.downloadermiddlewares.redirect] DEBUG: Redirecting (301) to <GET http://www.dfjmw.com.cn/youshi/10467.html> from <GET http://www.dfjmw.com.cn/dongtai/10467.html>
2018-05-30 20:57:14 [scrapy.downloadermiddlewares.redirect] DEBUG: Redirecting (301) to <GET http://www.dfjmw.com.cn/youshi/10485.html> from <GET http://www.dfjmw.com.cn/dongtai/10485.html>
2018-05-30 20:57:14 [scrapy.downloadermiddlewares.redirect] DEBUG: Redirecting (301) to <GET http://www.dfjmw.com.cn/youshi/> from <GET http://www.dfjmw.com.cn/dongtai/>
2018-05-30 20:57:14 [scrapy.log] INFO: trying to redirect us: http://www.dfjmw.com.cn/baike/10515.html
2018-05-30 20:57:14 [scrapy.core.engine] DEBUG: Crawled (404) <GET http://www.dfjmw.com.cn/baike/10515.html> (referer: http://www.dfjmw.com.cn/)
2018-05-30 20:57:14 [scrapy.core.scraper] DEBUG: Scraped from <404 http://www.dfjmw.com.cn/youshi/9288.html>
{}
2018-05-30 20:57:14 [scrapy.core.scraper] DEBUG: Scraped from <404 http://www.dfjmw.com.cn/youshi/9215.html>
{}
2018-05-30 20:57:15 [scrapy.log] INFO: trying to redirect us: http://www.dfjmw.com.cn/youshi/9562.html
2018-05-30 20:57:15 [scrapy.core.engine] DEBUG: Crawled (404) <GET http://www.dfjmw.com.cn/youshi/9562.html> (referer: http://www.dfjmw.com.cn/)
2018-05-30 20:57:15 [scrapy.log] INFO: trying to redirect us: http://www.dfjmw.com.cn/youshi/9556.html
2018-05-30 20:57:15 [scrapy.core.engine] DEBUG: Crawled (404) <GET http://www.dfjmw.com.cn/youshi/9556.html> (referer: http://www.dfjmw.com.cn/)
2018-05-30 20:57:15 [scrapy.core.scraper] DEBUG: Scraped from <404 http://www.dfjmw.com.cn/youshi/9451.html>
{}
2018-05-30 20:57:15 [scrapy.core.scraper] DEBUG: Scraped from <404 http://www.dfjmw.com.cn/youshi/9450.html>
{}
2018-05-30 20:57:15 [scrapy.core.scraper] DEBUG: Scraped from <404 http://www.dfjmw.com.cn/youshi/9441.html>
{}
2018-05-30 20:57:15 [scrapy.core.scraper] DEBUG: Scraped from <404 http://www.dfjmw.com.cn/youshi/9440.html>
{}
2018-05-30 20:57:15 [scrapy.core.scraper] DEBUG: Scraped from <404 http://www.dfjmw.com.cn/youshi/9318.html>
{}
2018-05-30 20:57:15 [scrapy.core.scraper] DEBUG: Scraped from <404 http://www.dfjmw.com.cn/youshi/9316.html>
{}
2018-05-30 20:57:15 [scrapy.core.scraper] DEBUG: Scraped from <404 http://www.dfjmw.com.cn/youshi/9474.html>
{}
2018-05-30 20:57:15 [scrapy.core.scraper] DEBUG: Scraped from <404 http://www.dfjmw.com.cn/youshi/9467.html>
{}
2018-05-30 20:57:15 [scrapy.core.scraper] DEBUG: Scraped from <404 http://www.dfjmw.com.cn/youshi/9547.html>
{}
2018-05-30 20:57:15 [scrapy.core.scraper] DEBUG: Scraped from <404 http://www.dfjmw.com.cn/youshi/9535.html>
{}
2018-05-30 20:57:15 [scrapy.core.scraper] DEBUG: Scraped from <404 http://www.dfjmw.com.cn/youshi/9528.html>
{}
2018-05-30 20:57:15 [scrapy.core.scraper] DEBUG: Scraped from <404 http://www.dfjmw.com.cn/youshi/9490.html>
{}
2018-05-30 20:57:15 [scrapy.core.scraper] DEBUG: Scraped from <404 http://www.dfjmw.com.cn/youshi/9476.html>
{}
2018-05-30 20:57:15 [scrapy.core.scraper] DEBUG: Scraped from <404 http://www.dfjmw.com.cn/youshi/9475.html>
{}
2018-05-30 20:57:15 [scrapy.log] INFO: trying to redirect us: http://www.dfjmw.com.cn/youshi/9723.html
2018-05-30 20:57:15 [scrapy.core.engine] DEBUG: Crawled (404) <GET http://www.dfjmw.com.cn/youshi/9723.html> (referer: http://www.dfjmw.com.cn/)
2018-05-30 20:57:15 [scrapy.log] INFO: trying to redirect us: http://www.dfjmw.com.cn/youshi/9697.html
2018-05-30 20:57:15 [scrapy.core.engine] DEBUG: Crawled (404) <GET http://www.dfjmw.com.cn/youshi/9697.html> (referer: http://www.dfjmw.com.cn/)
2018-05-30 20:57:15 [scrapy.log] INFO: trying to redirect us: http://www.dfjmw.com.cn/youshi/9591.html
2018-05-30 20:57:15 [scrapy.core.engine] DEBUG: Crawled (404) <GET http://www.dfjmw.com.cn/youshi/9591.html> (referer: http://www.dfjmw.com.cn/)
2018-05-30 20:57:15 [scrapy.log] INFO: trying to redirect us: http://www.dfjmw.com.cn/youshi/9584.html
2018-05-30 20:57:15 [scrapy.core.engine] DEBUG: Crawled (404) <GET http://www.dfjmw.com.cn/youshi/9584.html> (referer: http://www.dfjmw.com.cn/)
2018-05-30 20:57:15 [scrapy.log] INFO: trying to redirect us: http://www.dfjmw.com.cn/youshi/9576.html
2018-05-30 20:57:15 [scrapy.core.engine] DEBUG: Crawled (404) <GET http://www.dfjmw.com.cn/youshi/9576.html> (referer: http://www.dfjmw.com.cn/)
2018-05-30 20:57:15 [scrapy.log] INFO: trying to redirect us: http://www.dfjmw.com.cn/youshi/9572.html
2018-05-30 20:57:15 [scrapy.core.engine] DEBUG: Crawled (404) <GET http://www.dfjmw.com.cn/youshi/9572.html> (referer: http://www.dfjmw.com.cn/)
2018-05-30 20:57:15 [scrapy.log] INFO: trying to redirect us: http://www.dfjmw.com.cn/youshi/514.html
2018-05-30 20:57:15 [scrapy.core.engine] DEBUG: Crawled (404) <GET http://www.dfjmw.com.cn/youshi/514.html> (referer: http://www.dfjmw.com.cn/)
2018-05-30 20:57:15 [scrapy.log] INFO: trying to redirect us: http://www.dfjmw.com.cn/youshi/9725.html
2018-05-30 20:57:15 [scrapy.core.engine] DEBUG: Crawled (404) <GET http://www.dfjmw.com.cn/youshi/9725.html> (referer: http://www.dfjmw.com.cn/)
2018-05-30 20:57:15 [scrapy.log] INFO: trying to redirect us: http://www.dfjmw.com.cn/youshi/10485.html
2018-05-30 20:57:15 [scrapy.core.engine] DEBUG: Crawled (404) <GET http://www.dfjmw.com.cn/youshi/10485.html> (referer: http://www.dfjmw.com.cn/)
2018-05-30 20:57:15 [scrapy.log] INFO: trying to redirect us: http://www.dfjmw.com.cn/youshi/10467.html
2018-05-30 20:57:15 [scrapy.core.engine] DEBUG: Crawled (404) <GET http://www.dfjmw.com.cn/youshi/10467.html> (referer: http://www.dfjmw.com.cn/)
2018-05-30 20:57:15 [scrapy.log] INFO: trying to redirect us: http://www.dfjmw.com.cn/youshi/10468.html
2018-05-30 20:57:15 [scrapy.core.engine] DEBUG: Crawled (404) <GET http://www.dfjmw.com.cn/youshi/10468.html> (referer: http://www.dfjmw.com.cn/)
2018-05-30 20:57:15 [scrapy.log] INFO: trying to redirect us: http://www.dfjmw.com.cn/youshi/1389.html
2018-05-30 20:57:15 [scrapy.core.engine] DEBUG: Crawled (404) <GET http://www.dfjmw.com.cn/youshi/1389.html> (referer: http://www.dfjmw.com.cn/)
2018-05-30 20:57:15 [scrapy.log] INFO: trying to redirect us: http://www.dfjmw.com.cn/baike/10514.html
2018-05-30 20:57:15 [scrapy.core.engine] DEBUG: Crawled (404) <GET http://www.dfjmw.com.cn/baike/10514.html> (referer: http://www.dfjmw.com.cn/)
2018-05-30 20:57:15 [scrapy.log] INFO: trying to redirect us: http://www.dfjmw.com.cn/baike/10522.html
2018-05-30 20:57:15 [scrapy.core.engine] DEBUG: Crawled (404) <GET http://www.dfjmw.com.cn/baike/10522.html> (referer: http://www.dfjmw.com.cn/)
2018-05-30 20:57:15 [scrapy.log] INFO: trying to redirect us: http://www.dfjmw.com.cn/baike/10523.html
2018-05-30 20:57:15 [scrapy.core.engine] DEBUG: Crawled (404) <GET http://www.dfjmw.com.cn/baike/10523.html> (referer: http://www.dfjmw.com.cn/)
2018-05-30 20:57:15 [scrapy.log] INFO: trying to redirect us: http://www.dfjmw.com.cn/baike/10526.html
2018-05-30 20:57:15 [scrapy.core.engine] DEBUG: Crawled (404) <GET http://www.dfjmw.com.cn/baike/10526.html> (referer: http://www.dfjmw.com.cn/)
2018-05-30 20:57:15 [scrapy.log] INFO: trying to redirect us: http://www.dfjmw.com.cn/baike/10527.html
2018-05-30 20:57:15 [scrapy.core.engine] DEBUG: Crawled (404) <GET http://www.dfjmw.com.cn/baike/10527.html> (referer: http://www.dfjmw.com.cn/)
2018-05-30 20:57:15 [scrapy.log] INFO: trying to redirect us: http://www.dfjmw.com.cn/baike/10533.html
2018-05-30 20:57:15 [scrapy.core.engine] DEBUG: Crawled (404) <GET http://www.dfjmw.com.cn/baike/10533.html> (referer: http://www.dfjmw.com.cn/)
2018-05-30 20:57:15 [scrapy.log] INFO: trying to redirect us: http://www.dfjmw.com.cn/peixun/8142.html
2018-05-30 20:57:15 [scrapy.core.engine] DEBUG: Crawled (404) <GET http://www.dfjmw.com.cn/peixun/8142.html> (referer: http://www.dfjmw.com.cn/)
2018-05-30 20:57:15 [scrapy.log] INFO: trying to redirect us: http://www.dfjmw.com.cn/peixun/8194.html
2018-05-30 20:57:15 [scrapy.core.engine] DEBUG: Crawled (404) <GET http://www.dfjmw.com.cn/peixun/8194.html> (referer: http://www.dfjmw.com.cn/)
2018-05-30 20:57:15 [scrapy.log] INFO: trying to redirect us: http://www.dfjmw.com.cn/peixun/2668.html
2018-05-30 20:57:15 [scrapy.core.engine] DEBUG: Crawled (404) <GET http://www.dfjmw.com.cn/peixun/2668.html> (referer: http://www.dfjmw.com.cn/)
2018-05-30 20:57:15 [scrapy.log] INFO: trying to redirect us: http://www.dfjmw.com.cn/peixun/8331.html
2018-05-30 20:57:15 [scrapy.core.engine] DEBUG: Crawled (404) <GET http://www.dfjmw.com.cn/peixun/8331.html> (referer: http://www.dfjmw.com.cn/)
2018-05-30 20:57:15 [scrapy.log] INFO: trying to redirect us: http://www.dfjmw.com.cn/peixun/2672.html
2018-05-30 20:57:15 [scrapy.core.engine] DEBUG: Crawled (404) <GET http://www.dfjmw.com.cn/peixun/2672.html> (referer: http://www.dfjmw.com.cn/)
2018-05-30 20:57:15 [scrapy.log] INFO: trying to redirect us: http://www.dfjmw.com.cn/peixun/10475.html
2018-05-30 20:57:15 [scrapy.core.engine] DEBUG: Crawled (404) <GET http://www.dfjmw.com.cn/peixun/10475.html> (referer: http://www.dfjmw.com.cn/)
2018-05-30 20:57:15 [scrapy.log] INFO: trying to redirect us: http://www.dfjmw.com.cn/peixun/10481.html
2018-05-30 20:57:15 [scrapy.core.engine] DEBUG: Crawled (404) <GET http://www.dfjmw.com.cn/peixun/10481.html> (referer: http://www.dfjmw.com.cn/)
2018-05-30 20:57:15 [scrapy.log] INFO: trying to redirect us: http://www.dfjmw.com.cn/chengben/10419.html
2018-05-30 20:57:15 [scrapy.core.engine] DEBUG: Crawled (404) <GET http://www.dfjmw.com.cn/chengben/10419.html> (referer: http://www.dfjmw.com.cn/)
2018-05-30 20:57:15 [scrapy.log] INFO: trying to redirect us: http://www.dfjmw.com.cn/chengben/10433.html
2018-05-30 20:57:15 [scrapy.core.engine] DEBUG: Crawled (404) <GET http://www.dfjmw.com.cn/chengben/10433.html> (referer: http://www.dfjmw.com.cn/)
2018-05-30 20:57:15 [scrapy.log] INFO: trying to redirect us: http://www.dfjmw.com.cn/chengben/10434.html
2018-05-30 20:57:15 [scrapy.core.engine] DEBUG: Crawled (404) <GET http://www.dfjmw.com.cn/chengben/10434.html> (referer: http://www.dfjmw.com.cn/)
2018-05-30 20:57:15 [scrapy.log] INFO: trying to redirect us: http://www.dfjmw.com.cn/chengben/10447.html
2018-05-30 20:57:15 [scrapy.core.engine] DEBUG: Crawled (404) <GET http://www.dfjmw.com.cn/chengben/10447.html> (referer: http://www.dfjmw.com.cn/)
2018-05-30 20:57:15 [scrapy.log] INFO: trying to redirect us: http://www.dfjmw.com.cn/chengben/10448.html
2018-05-30 20:57:15 [scrapy.core.engine] DEBUG: Crawled (404) <GET http://www.dfjmw.com.cn/chengben/10448.html> (referer: http://www.dfjmw.com.cn/)
2018-05-30 20:57:15 [scrapy.log] INFO: trying to redirect us: http://www.dfjmw.com.cn/chengben/3102.html
2018-05-30 20:57:15 [scrapy.core.engine] DEBUG: Crawled (404) <GET http://www.dfjmw.com.cn/chengben/3102.html> (referer: http://www.dfjmw.com.cn/)
2018-05-30 20:57:15 [scrapy.downloadermiddlewares.redirect] DEBUG: Redirecting (301) to <GET http://www.dfjmw.com.cn/chengben> from <GET http://www.dfjmw.com.cn/chengben/>
2018-05-30 20:57:15 [scrapy.core.scraper] DEBUG: Scraped from <404 http://www.dfjmw.com.cn/baike/10515.html>
{}
2018-05-30 20:57:15 [scrapy.log] INFO: trying to redirect us: http://www.dfjmw.com.cn/touzi/10425.html
2018-05-30 20:57:15 [scrapy.core.engine] DEBUG: Crawled (404) <GET http://www.dfjmw.com.cn/touzi/10425.html> (referer: http://www.dfjmw.com.cn/)
2018-05-30 20:57:15 [scrapy.log] INFO: trying to redirect us: http://www.dfjmw.com.cn/touzi/10443.html
2018-05-30 20:57:15 [scrapy.core.engine] DEBUG: Crawled (404) <GET http://www.dfjmw.com.cn/touzi/10443.html> (referer: http://www.dfjmw.com.cn/)
2018-05-30 20:57:15 [scrapy.log] INFO: trying to redirect us: http://www.dfjmw.com.cn/touzi/10446.html
2018-05-30 20:57:15 [scrapy.core.engine] DEBUG: Crawled (404) <GET http://www.dfjmw.com.cn/touzi/10446.html> (referer: http://www.dfjmw.com.cn/)
2018-05-30 20:57:15 [scrapy.log] INFO: trying to redirect us: http://www.dfjmw.com.cn/touzi/10451.html
2018-05-30 20:57:15 [scrapy.core.engine] DEBUG: Crawled (404) <GET http://www.dfjmw.com.cn/touzi/10451.html> (referer: http://www.dfjmw.com.cn/)
2018-05-30 20:57:15 [scrapy.log] INFO: trying to redirect us: http://www.dfjmw.com.cn/touzi/10455.html
2018-05-30 20:57:15 [scrapy.core.engine] DEBUG: Crawled (404) <GET http://www.dfjmw.com.cn/touzi/10455.html> (referer: http://www.dfjmw.com.cn/)
2018-05-30 20:57:15 [scrapy.log] INFO: trying to redirect us: http://www.dfjmw.com.cn/lirun/383.html
2018-05-30 20:57:15 [scrapy.core.engine] DEBUG: Crawled (404) <GET http://www.dfjmw.com.cn/lirun/383.html> (referer: http://www.dfjmw.com.cn/)
2018-05-30 20:57:15 [scrapy.log] INFO: trying to redirect us: http://www.dfjmw.com.cn/lirun/10454.html
2018-05-30 20:57:15 [scrapy.core.engine] DEBUG: Crawled (404) <GET http://www.dfjmw.com.cn/lirun/10454.html> (referer: http://www.dfjmw.com.cn/)
2018-05-30 20:57:15 [scrapy.log] INFO: trying to redirect us: http://www.dfjmw.com.cn/lirun/10456.html
2018-05-30 20:57:15 [scrapy.core.engine] DEBUG: Crawled (404) <GET http://www.dfjmw.com.cn/lirun/10456.html> (referer: http://www.dfjmw.com.cn/)
2018-05-30 20:57:15 [scrapy.core.scraper] DEBUG: Scraped from <404 http://www.dfjmw.com.cn/youshi/9562.html>
{}
2018-05-30 20:57:15 [scrapy.core.scraper] DEBUG: Scraped from <404 http://www.dfjmw.com.cn/youshi/9556.html>
{}
2018-05-30 20:57:15 [scrapy.log] INFO: trying to redirect us: http://www.dfjmw.com.cn/lirun/10476.html
2018-05-30 20:57:15 [scrapy.core.engine] DEBUG: Crawled (404) <GET http://www.dfjmw.com.cn/lirun/10476.html> (referer: http://www.dfjmw.com.cn/)
2018-05-30 20:57:15 [scrapy.log] INFO: trying to redirect us: http://www.dfjmw.com.cn/lirun/10489.html
2018-05-30 20:57:15 [scrapy.core.engine] DEBUG: Crawled (404) <GET http://www.dfjmw.com.cn/lirun/10489.html> (referer: http://www.dfjmw.com.cn/)
2018-05-30 20:57:15 [scrapy.log] INFO: trying to redirect us: http://www.dfjmw.com.cn/lirun/10524.html
2018-05-30 20:57:15 [scrapy.core.engine] DEBUG: Crawled (404) <GET http://www.dfjmw.com.cn/lirun/10524.html> (referer: http://www.dfjmw.com.cn/)
2018-05-30 20:57:15 [scrapy.log] INFO: trying to redirect us: http://www.dfjmw.com.cn/lirun/19.html
2018-05-30 20:57:15 [scrapy.core.engine] DEBUG: Crawled (404) <GET http://www.dfjmw.com.cn/lirun/19.html> (referer: http://www.dfjmw.com.cn/)
2018-05-30 20:57:15 [scrapy.downloadermiddlewares.redirect] DEBUG: Redirecting (301) to <GET http://www.dfjmw.com.cn/ucczt> from <GET http://www.dfjmw.com.cn/ucczt/>
2018-05-30 20:57:15 [scrapy.downloadermiddlewares.redirect] DEBUG: Redirecting (301) to <GET http://www.dfjmw.com.cn/lianxi> from <GET http://www.dfjmw.com.cn/lianxi/>
2018-05-30 20:57:15 [scrapy.log] INFO: trying to redirect us: http://www.dfjmw.com.cn/chengben
2018-05-30 20:57:15 [scrapy.core.engine] DEBUG: Crawled (404) <GET http://www.dfjmw.com.cn/chengben> (referer: http://www.dfjmw.com.cn/)
2018-05-30 20:57:15 [scrapy.downloadermiddlewares.redirect] DEBUG: Redirecting (301) to <GET http://www.dfjmw.com.cn/peixun> from <GET http://www.dfjmw.com.cn/peixun/>
2018-05-30 20:57:15 [scrapy.downloadermiddlewares.redirect] DEBUG: Redirecting (301) to <GET http://www.dfjmw.com.cn/jiage> from <GET http://www.dfjmw.com.cn/jiage/>
2018-05-30 20:57:15 [scrapy.downloadermiddlewares.redirect] DEBUG: Redirecting (301) to <GET http://www.dfjmw.com.cn/shebei> from <GET http://www.dfjmw.com.cn/shebei/>
2018-05-30 20:57:15 [scrapy.downloadermiddlewares.redirect] DEBUG: Redirecting (301) to <GET http://www.dfjmw.com.cn/youshi> from <GET http://www.dfjmw.com.cn/youshi/>
2018-05-30 20:57:15 [scrapy.downloadermiddlewares.redirect] DEBUG: Redirecting (301) to <GET http://www.dfjmw.com.cn/touzi> from <GET http://www.dfjmw.com.cn/touzi/>
2018-05-30 20:57:15 [scrapy.downloadermiddlewares.redirect] DEBUG: Redirecting (301) to <GET http://www.dfjmw.com.cn/lirun> from <GET http://www.dfjmw.com.cn/lirun/>
2018-05-30 20:57:15 [scrapy.log] INFO: trying to redirect us: http://www.dfjmw.com.cn/lianxi
2018-05-30 20:57:15 [scrapy.core.engine] DEBUG: Crawled (404) <GET http://www.dfjmw.com.cn/lianxi> (referer: http://www.dfjmw.com.cn/)
2018-05-30 20:57:15 [scrapy.log] INFO: trying to redirect us: http://www.dfjmw.com.cn/ucczt
2018-05-30 20:57:15 [scrapy.core.engine] DEBUG: Crawled (404) <GET http://www.dfjmw.com.cn/ucczt> (referer: http://www.dfjmw.com.cn/)
2018-05-30 20:57:15 [scrapy.log] INFO: trying to redirect us: http://www.dfjmw.com.cn/peixun
2018-05-30 20:57:15 [scrapy.core.engine] DEBUG: Crawled (404) <GET http://www.dfjmw.com.cn/peixun> (referer: http://www.dfjmw.com.cn/)
2018-05-30 20:57:15 [scrapy.core.scraper] DEBUG: Scraped from <404 http://www.dfjmw.com.cn/youshi/9723.html>
{}
2018-05-30 20:57:15 [scrapy.core.scraper] DEBUG: Scraped from <404 http://www.dfjmw.com.cn/youshi/9697.html>
{}
2018-05-30 20:57:15 [scrapy.core.scraper] DEBUG: Scraped from <404 http://www.dfjmw.com.cn/youshi/9591.html>
{}
2018-05-30 20:57:15 [scrapy.core.scraper] DEBUG: Scraped from <404 http://www.dfjmw.com.cn/youshi/9584.html>
{}
2018-05-30 20:57:15 [scrapy.log] INFO: trying to redirect us: http://www.dfjmw.com.cn/lirun
2018-05-30 20:57:15 [scrapy.core.engine] DEBUG: Crawled (404) <GET http://www.dfjmw.com.cn/lirun> (referer: http://www.dfjmw.com.cn/)
2018-05-30 20:57:15 [scrapy.log] INFO: trying to redirect us: http://www.dfjmw.com.cn/touzi
2018-05-30 20:57:15 [scrapy.core.engine] DEBUG: Crawled (404) <GET http://www.dfjmw.com.cn/touzi> (referer: http://www.dfjmw.com.cn/)
2018-05-30 20:57:15 [scrapy.log] INFO: trying to redirect us: http://www.dfjmw.com.cn/youshi
2018-05-30 20:57:15 [scrapy.core.engine] DEBUG: Crawled (404) <GET http://www.dfjmw.com.cn/youshi> (referer: http://www.dfjmw.com.cn/)
2018-05-30 20:57:15 [scrapy.log] INFO: trying to redirect us: http://www.dfjmw.com.cn/shebei
2018-05-30 20:57:15 [scrapy.core.engine] DEBUG: Crawled (404) <GET http://www.dfjmw.com.cn/shebei> (referer: http://www.dfjmw.com.cn/)
2018-05-30 20:57:15 [scrapy.log] INFO: trying to redirect us: http://www.dfjmw.com.cn/jiage
2018-05-30 20:57:15 [scrapy.core.engine] DEBUG: Crawled (404) <GET http://www.dfjmw.com.cn/jiage> (referer: http://www.dfjmw.com.cn/)
2018-05-30 20:57:15 [scrapy.core.scraper] DEBUG: Scraped from <404 http://www.dfjmw.com.cn/youshi/9576.html>
{}
2018-05-30 20:57:15 [scrapy.core.scraper] DEBUG: Scraped from <404 http://www.dfjmw.com.cn/youshi/9572.html>
{}
2018-05-30 20:57:15 [scrapy.core.scraper] DEBUG: Scraped from <404 http://www.dfjmw.com.cn/youshi/514.html>
{}
2018-05-30 20:57:15 [scrapy.core.scraper] DEBUG: Scraped from <404 http://www.dfjmw.com.cn/youshi/9725.html>
{}
2018-05-30 20:57:15 [scrapy.core.scraper] DEBUG: Scraped from <404 http://www.dfjmw.com.cn/youshi/10485.html>
{}
2018-05-30 20:57:15 [scrapy.core.scraper] DEBUG: Scraped from <404 http://www.dfjmw.com.cn/youshi/10467.html>
{}
2018-05-30 20:57:15 [scrapy.core.scraper] DEBUG: Scraped from <404 http://www.dfjmw.com.cn/youshi/10468.html>
{}
2018-05-30 20:57:15 [scrapy.core.scraper] DEBUG: Scraped from <404 http://www.dfjmw.com.cn/youshi/1389.html>
{}
2018-05-30 20:57:15 [scrapy.core.scraper] DEBUG: Scraped from <404 http://www.dfjmw.com.cn/baike/10514.html>
{}
2018-05-30 20:57:15 [scrapy.core.scraper] DEBUG: Scraped from <404 http://www.dfjmw.com.cn/baike/10522.html>
{}
2018-05-30 20:57:15 [scrapy.core.scraper] DEBUG: Scraped from <404 http://www.dfjmw.com.cn/baike/10523.html>
{}
2018-05-30 20:57:15 [scrapy.core.scraper] DEBUG: Scraped from <404 http://www.dfjmw.com.cn/baike/10526.html>
{}
2018-05-30 20:57:15 [scrapy.core.scraper] DEBUG: Scraped from <404 http://www.dfjmw.com.cn/baike/10527.html>
{}
2018-05-30 20:57:15 [scrapy.core.scraper] DEBUG: Scraped from <404 http://www.dfjmw.com.cn/baike/10533.html>
{}
2018-05-30 20:57:15 [scrapy.core.scraper] DEBUG: Scraped from <404 http://www.dfjmw.com.cn/peixun/8142.html>
{}
2018-05-30 20:57:15 [scrapy.core.scraper] DEBUG: Scraped from <404 http://www.dfjmw.com.cn/peixun/8194.html>
{}
2018-05-30 20:57:15 [scrapy.core.scraper] DEBUG: Scraped from <404 http://www.dfjmw.com.cn/peixun/2668.html>
{}
2018-05-30 20:57:15 [scrapy.core.scraper] DEBUG: Scraped from <404 http://www.dfjmw.com.cn/peixun/8331.html>
{}
2018-05-30 20:57:15 [scrapy.core.scraper] DEBUG: Scraped from <404 http://www.dfjmw.com.cn/peixun/2672.html>
{}
2018-05-30 20:57:15 [scrapy.core.scraper] DEBUG: Scraped from <404 http://www.dfjmw.com.cn/peixun/10475.html>
{}
2018-05-30 20:57:15 [scrapy.core.scraper] DEBUG: Scraped from <404 http://www.dfjmw.com.cn/peixun/10481.html>
{}
2018-05-30 20:57:15 [scrapy.core.scraper] DEBUG: Scraped from <404 http://www.dfjmw.com.cn/chengben/10419.html>
{}
2018-05-30 20:57:15 [scrapy.core.scraper] DEBUG: Scraped from <404 http://www.dfjmw.com.cn/chengben/10433.html>
{}
2018-05-30 20:57:15 [scrapy.core.scraper] DEBUG: Scraped from <404 http://www.dfjmw.com.cn/chengben/10434.html>
{}
2018-05-30 20:57:15 [scrapy.core.scraper] DEBUG: Scraped from <404 http://www.dfjmw.com.cn/chengben/10447.html>
{}
2018-05-30 20:57:15 [scrapy.core.scraper] DEBUG: Scraped from <404 http://www.dfjmw.com.cn/chengben/10448.html>
{}
2018-05-30 20:57:15 [scrapy.core.scraper] DEBUG: Scraped from <404 http://www.dfjmw.com.cn/chengben/3102.html>
{}
2018-05-30 20:57:15 [scrapy.core.scraper] DEBUG: Scraped from <404 http://www.dfjmw.com.cn/touzi/10425.html>
{}
2018-05-30 20:57:15 [scrapy.core.scraper] DEBUG: Scraped from <404 http://www.dfjmw.com.cn/touzi/10443.html>
{}
2018-05-30 20:57:15 [scrapy.core.scraper] DEBUG: Scraped from <404 http://www.dfjmw.com.cn/touzi/10446.html>
{}
2018-05-30 20:57:15 [scrapy.core.scraper] DEBUG: Scraped from <404 http://www.dfjmw.com.cn/touzi/10451.html>
{}
2018-05-30 20:57:15 [scrapy.core.scraper] DEBUG: Scraped from <404 http://www.dfjmw.com.cn/touzi/10455.html>
{}
2018-05-30 20:57:15 [scrapy.core.scraper] DEBUG: Scraped from <404 http://www.dfjmw.com.cn/lirun/383.html>
{}
2018-05-30 20:57:15 [scrapy.core.scraper] DEBUG: Scraped from <404 http://www.dfjmw.com.cn/lirun/10454.html>
{}
2018-05-30 20:57:15 [scrapy.core.scraper] DEBUG: Scraped from <404 http://www.dfjmw.com.cn/lirun/10456.html>
{}
2018-05-30 20:57:15 [scrapy.core.scraper] DEBUG: Scraped from <404 http://www.dfjmw.com.cn/lirun/10476.html>
{}
2018-05-30 20:57:15 [scrapy.core.scraper] DEBUG: Scraped from <404 http://www.dfjmw.com.cn/lirun/10489.html>
{}
2018-05-30 20:57:15 [scrapy.core.scraper] DEBUG: Scraped from <404 http://www.dfjmw.com.cn/lirun/10524.html>
{}
2018-05-30 20:57:15 [scrapy.core.scraper] DEBUG: Scraped from <404 http://www.dfjmw.com.cn/lirun/19.html>
{}
2018-05-30 20:57:15 [scrapy.core.scraper] DEBUG: Scraped from <404 http://www.dfjmw.com.cn/chengben>
{}
2018-05-30 20:57:15 [scrapy.core.scraper] DEBUG: Scraped from <404 http://www.dfjmw.com.cn/lianxi>
{}
2018-05-30 20:57:15 [scrapy.core.scraper] DEBUG: Scraped from <404 http://www.dfjmw.com.cn/ucczt>
{}
2018-05-30 20:57:15 [scrapy.core.scraper] DEBUG: Scraped from <404 http://www.dfjmw.com.cn/peixun>
{}
2018-05-30 20:57:15 [scrapy.core.scraper] DEBUG: Scraped from <404 http://www.dfjmw.com.cn/lirun>
{}
2018-05-30 20:57:15 [scrapy.core.scraper] DEBUG: Scraped from <404 http://www.dfjmw.com.cn/touzi>
{}
2018-05-30 20:57:15 [scrapy.core.scraper] DEBUG: Scraped from <404 http://www.dfjmw.com.cn/youshi>
{}
2018-05-30 20:57:15 [scrapy.core.scraper] DEBUG: Scraped from <404 http://www.dfjmw.com.cn/shebei>
{}
2018-05-30 20:57:15 [scrapy.core.scraper] DEBUG: Scraped from <404 http://www.dfjmw.com.cn/jiage>
{}
2018-05-30 20:57:15 [scrapy.core.engine] INFO: Closing spider (finished)
2018-05-30 20:57:15 [scrapy.statscollectors] INFO: Dumping Scrapy stats:
{'downloader/request_bytes': 67264,
 'downloader/request_count': 201,
 'downloader/request_method_count/GET': 201,
 'downloader/response_bytes': 170393,
 'downloader/response_count': 201,
 'downloader/response_status_count/200': 2,
 'downloader/response_status_count/301': 47,
 'downloader/response_status_count/404': 152,
 'dupefilter/filtered': 399,
 'finish_reason': 'finished',
 'finish_time': datetime.datetime(2018, 5, 30, 12, 57, 15, 349158),
 'item_scraped_count': 152,
 'log_count/DEBUG': 366,
 'log_count/INFO': 159,
 'log_count/WARNING': 2,
 'memusage/max': 49471488,
 'memusage/startup': 49471488,
 'offsite/domains': 11,
 'offsite/filtered': 46,
 'request_depth_max': 2,
 'response_received_count': 154,
 'scheduler/dequeued': 201,
 'scheduler/dequeued/memory': 201,
 'scheduler/enqueued': 201,
 'scheduler/enqueued/memory': 201,
 'start_time': datetime.datetime(2018, 5, 30, 12, 57, 14, 114542)}
2018-05-30 20:57:15 [scrapy.core.engine] INFO: Spider closed (finished)
