2018-05-31 11:27:25 [scrapy.utils.log] INFO: Scrapy 1.4.0 started (bot: u88link)
2018-05-31 11:27:25 [scrapy.utils.log] INFO: Overridden settings: {'BOT_NAME': 'u88link', 'DOWNLOAD_TIMEOUT': 50, 'LOG_FILE': 'U88link.log', 'NEWSPIDER_MODULE': 'u88link.spiders', 'RETRY_TIMES': 15, 'SPIDER_MODULES': ['u88link.spiders'], 'USER_AGENT': 'Mozilla/5.0 (X11; Linux x86_64; rv:45.0) Gecko/20100101 Firefox/45.0'}
2018-05-31 11:27:25 [scrapy.middleware] INFO: Enabled extensions:
['scrapy.extensions.corestats.CoreStats',
 'scrapy.extensions.telnet.TelnetConsole',
 'scrapy.extensions.memusage.MemoryUsage',
 'scrapy.extensions.logstats.LogStats']
2018-05-31 11:27:25 [scrapy.middleware] INFO: Enabled downloader middlewares:
['scrapy.downloadermiddlewares.httpauth.HttpAuthMiddleware',
 'scrapy.downloadermiddlewares.downloadtimeout.DownloadTimeoutMiddleware',
 'scrapy.downloadermiddlewares.defaultheaders.DefaultHeadersMiddleware',
 'u88link.rotate_useragent.RotateUserAgentMiddleware',
 'scrapy.downloadermiddlewares.retry.RetryMiddleware',
 'scrapy.downloadermiddlewares.useragent.UserAgentMiddleware',
 'scrapy.downloadermiddlewares.redirect.MetaRefreshMiddleware',
 'scrapy.downloadermiddlewares.httpcompression.HttpCompressionMiddleware',
 'scrapy.downloadermiddlewares.redirect.RedirectMiddleware',
 'scrapy.downloadermiddlewares.cookies.CookiesMiddleware',
 'scrapy.downloadermiddlewares.httpproxy.HttpProxyMiddleware',
 'scrapy.downloadermiddlewares.stats.DownloaderStats']
2018-05-31 11:27:25 [scrapy.middleware] INFO: Enabled spider middlewares:
['scrapy.spidermiddlewares.httperror.HttpErrorMiddleware',
 'scrapy.spidermiddlewares.offsite.OffsiteMiddleware',
 'scrapy.spidermiddlewares.referer.RefererMiddleware',
 'scrapy.spidermiddlewares.urllength.UrlLengthMiddleware',
 'scrapy.spidermiddlewares.depth.DepthMiddleware']
2018-05-31 11:27:25 [scrapy.middleware] INFO: Enabled item pipelines:
['u88link.pipelines.U88LinkPipeline']
2018-05-31 11:27:25 [scrapy.core.engine] INFO: Spider opened
2018-05-31 11:27:25 [scrapy.extensions.logstats] INFO: Crawled 0 pages (at 0 pages/min), scraped 0 items (at 0 items/min)
2018-05-31 11:27:25 [scrapy.extensions.telnet] DEBUG: Telnet console listening on 127.0.0.1:6023
2018-05-31 11:27:25 [scrapy.core.engine] DEBUG: Crawled (200) <GET http://www.dfjmw.com.cn/> (referer: None)
2018-05-31 11:27:25 [scrapy.core.scraper] DEBUG: Scraped from <200 http://www.dfjmw.com.cn/>
{'link': 'http://www.dfjmw.com.cn/', 'referer': None, 'status': 200}
2018-05-31 11:27:25 [scrapy.dupefilters] DEBUG: Filtered duplicate request: <GET http://www.dfjmw.com.cn/> - no more duplicates will be shown (see DUPEFILTER_DEBUG to show all duplicates)
2018-05-31 11:27:25 [scrapy.core.engine] DEBUG: Crawled (404) <GET http://www.dfjmw.com.cn/youshi/312.html> (referer: http://www.dfjmw.com.cn/)
2018-05-31 11:27:25 [scrapy.core.engine] DEBUG: Crawled (404) <GET http://www.dfjmw.com.cn/fangan/4933.html> (referer: http://www.dfjmw.com.cn/)
2018-05-31 11:27:25 [scrapy.core.engine] DEBUG: Crawled (404) <GET http://www.dfjmw.com.cn/peixun/2031.html> (referer: http://www.dfjmw.com.cn/)
2018-05-31 11:27:25 [scrapy.core.engine] DEBUG: Crawled (404) <GET http://www.dfjmw.com.cn/fangan/4936.html> (referer: http://www.dfjmw.com.cn/)
2018-05-31 11:27:25 [scrapy.core.engine] DEBUG: Crawled (404) <GET http://www.dfjmw.com.cn/fangan/4935.html> (referer: http://www.dfjmw.com.cn/)
2018-05-31 11:27:25 [scrapy.core.engine] DEBUG: Crawled (301) <GET http://www.dfjmw.com.cn/zhinan/> (referer: http://www.dfjmw.com.cn/)
2018-05-31 11:27:25 [scrapy.core.engine] DEBUG: Crawled (404) <GET http://www.dfjmw.com.cn/fangan/4934.html> (referer: http://www.dfjmw.com.cn/)
2018-05-31 11:27:25 [scrapy.core.engine] DEBUG: Crawled (404) <GET http://www.dfjmw.com.cn/peixun/1785.html> (referer: http://www.dfjmw.com.cn/)
2018-05-31 11:27:25 [scrapy.core.engine] DEBUG: Crawled (404) <GET http://www.dfjmw.com.cn/fangan/4937.html> (referer: http://www.dfjmw.com.cn/)
2018-05-31 11:27:25 [scrapy.core.engine] DEBUG: Crawled (301) <GET http://www.dfjmw.com.cn/ucczt/> (referer: http://www.dfjmw.com.cn/)
2018-05-31 11:27:25 [scrapy.core.engine] DEBUG: Crawled (301) <GET http://www.dfjmw.com.cn/lianxi/> (referer: http://www.dfjmw.com.cn/)
2018-05-31 11:27:25 [scrapy.core.engine] DEBUG: Crawled (301) <GET http://www.dfjmw.com.cn/peixun/> (referer: http://www.dfjmw.com.cn/)
2018-05-31 11:27:25 [scrapy.core.engine] DEBUG: Crawled (301) <GET http://www.dfjmw.com.cn/jiage/> (referer: http://www.dfjmw.com.cn/)
2018-05-31 11:27:25 [scrapy.core.engine] DEBUG: Crawled (301) <GET http://www.dfjmw.com.cn/shebei/> (referer: http://www.dfjmw.com.cn/)
2018-05-31 11:27:25 [scrapy.core.engine] DEBUG: Crawled (301) <GET http://www.dfjmw.com.cn/youshi/> (referer: http://www.dfjmw.com.cn/)
2018-05-31 11:27:25 [scrapy.core.engine] DEBUG: Crawled (301) <GET http://www.dfjmw.com.cn/touzi/> (referer: http://www.dfjmw.com.cn/)
2018-05-31 11:27:25 [scrapy.core.engine] DEBUG: Crawled (404) <GET http://www.dfjmw.com.cn/chengben/10447.html> (referer: http://www.dfjmw.com.cn/)
2018-05-31 11:27:25 [scrapy.spidermiddlewares.offsite] DEBUG: Filtered offsite request to 'www.xiuxianshipin.com.cn': <GET http://www.xiuxianshipin.com.cn>
2018-05-31 11:27:25 [scrapy.spidermiddlewares.offsite] DEBUG: Filtered offsite request to 'www.gzolans.com': <GET http://www.gzolans.com/>
2018-05-31 11:27:25 [scrapy.spidermiddlewares.offsite] DEBUG: Filtered offsite request to 'www.ganxinet.com': <GET http://www.ganxinet.com/>
2018-05-31 11:27:25 [scrapy.spidermiddlewares.offsite] DEBUG: Filtered offsite request to 'www.yananju.cn': <GET http://www.yananju.cn>
2018-05-31 11:27:25 [scrapy.spidermiddlewares.offsite] DEBUG: Filtered offsite request to 'nuantongkongtiao.huangye88.com': <GET http://nuantongkongtiao.huangye88.com/>
2018-05-31 11:27:25 [scrapy.spidermiddlewares.offsite] DEBUG: Filtered offsite request to 'www.ganxi.tv': <GET http://www.ganxi.tv>
2018-05-31 11:27:25 [scrapy.spidermiddlewares.offsite] DEBUG: Filtered offsite request to 'www.ganxi360.net': <GET http://www.ganxi360.net>
2018-05-31 11:27:25 [scrapy.spidermiddlewares.offsite] DEBUG: Filtered offsite request to 'www.21yinpin.com': <GET http://www.21yinpin.com>
2018-05-31 11:27:25 [scrapy.spidermiddlewares.offsite] DEBUG: Filtered offsite request to 'ganxi.dezhoudaily.com': <GET http://ganxi.dezhoudaily.com/>
2018-05-31 11:27:25 [scrapy.spidermiddlewares.offsite] DEBUG: Filtered offsite request to 'www.miitbeian.gov.cn': <GET http://www.miitbeian.gov.cn>
2018-05-31 11:27:25 [scrapy.spidermiddlewares.offsite] DEBUG: Filtered offsite request to 'www.beian.gov.cn': <GET http://www.beian.gov.cn/portal/registerSystemInfo?recordcode=31011302003701>
2018-05-31 11:27:25 [scrapy.core.engine] DEBUG: Crawled (301) <GET http://www.dfjmw.com.cn/dongtai/9450.html> (referer: http://www.dfjmw.com.cn/)
2018-05-31 11:27:25 [scrapy.core.engine] DEBUG: Crawled (301) <GET http://www.dfjmw.com.cn/dongtai/9451.html> (referer: http://www.dfjmw.com.cn/)
2018-05-31 11:27:25 [scrapy.core.engine] DEBUG: Crawled (301) <GET http://www.dfjmw.com.cn/dongtai/9467.html> (referer: http://www.dfjmw.com.cn/)
2018-05-31 11:27:25 [scrapy.core.engine] DEBUG: Crawled (301) <GET http://www.dfjmw.com.cn/dongtai/9474.html> (referer: http://www.dfjmw.com.cn/)
2018-05-31 11:27:25 [scrapy.core.engine] DEBUG: Crawled (301) <GET http://www.dfjmw.com.cn/dongtai/9475.html> (referer: http://www.dfjmw.com.cn/)
2018-05-31 11:27:25 [scrapy.core.engine] DEBUG: Crawled (301) <GET http://www.dfjmw.com.cn/dongtai/9476.html> (referer: http://www.dfjmw.com.cn/)
2018-05-31 11:27:25 [scrapy.core.engine] DEBUG: Crawled (301) <GET http://www.dfjmw.com.cn/dongtai/9490.html> (referer: http://www.dfjmw.com.cn/)
2018-05-31 11:27:25 [scrapy.core.engine] DEBUG: Crawled (301) <GET http://www.dfjmw.com.cn/dongtai/9528.html> (referer: http://www.dfjmw.com.cn/)
2018-05-31 11:27:25 [scrapy.core.engine] DEBUG: Crawled (404) <GET http://www.dfjmw.com.cn/templets/meiguiyuan/images/rongyu/8.jpg> (referer: http://www.dfjmw.com.cn/)
2018-05-31 11:27:25 [scrapy.core.engine] DEBUG: Crawled (404) <GET http://www.dfjmw.com.cn/templets/meiguiyuan/images/rongyu/7.jpg> (referer: http://www.dfjmw.com.cn/)
2018-05-31 11:27:25 [scrapy.core.engine] DEBUG: Crawled (404) <GET http://www.dfjmw.com.cn/templets/meiguiyuan/images/rongyu/5.jpg> (referer: http://www.dfjmw.com.cn/)
2018-05-31 11:27:25 [scrapy.core.engine] DEBUG: Crawled (404) <GET http://www.dfjmw.com.cn/templets/meiguiyuan/images/rongyu/4.jpg> (referer: http://www.dfjmw.com.cn/)
2018-05-31 11:27:25 [scrapy.core.engine] DEBUG: Crawled (404) <GET http://www.dfjmw.com.cn/templets/meiguiyuan/images/rongyu/2.jpg> (referer: http://www.dfjmw.com.cn/)
2018-05-31 11:27:25 [scrapy.core.engine] DEBUG: Crawled (404) <GET http://www.dfjmw.com.cn/anli/5924.html> (referer: http://www.dfjmw.com.cn/)
2018-05-31 11:27:25 [scrapy.core.engine] DEBUG: Crawled (404) <GET http://www.dfjmw.com.cn/anli/6295.html> (referer: http://www.dfjmw.com.cn/)
2018-05-31 11:27:25 [scrapy.core.engine] DEBUG: Crawled (404) <GET http://www.dfjmw.com.cn/anli/6358.html> (referer: http://www.dfjmw.com.cn/)
2018-05-31 11:27:25 [scrapy.core.scraper] DEBUG: Scraped from <404 http://www.dfjmw.com.cn/youshi/312.html>
{'link': 'http://www.dfjmw.com.cn/youshi/312.html',
 'referer': b'http://www.dfjmw.com.cn/',
 'status': 404}
2018-05-31 11:27:25 [scrapy.core.engine] DEBUG: Crawled (404) <GET http://www.dfjmw.com.cn/sitemap.xml> (referer: http://www.dfjmw.com.cn/)
2018-05-31 11:27:25 [scrapy.core.engine] DEBUG: Crawled (301) <GET http://www.dfjmw.com.cn/news/> (referer: http://www.dfjmw.com.cn/)
2018-05-31 11:27:25 [scrapy.core.engine] DEBUG: Crawled (404) <GET http://www.dfjmw.com.cn/zhuanqian/9186.html> (referer: http://www.dfjmw.com.cn/)
2018-05-31 11:27:25 [scrapy.core.engine] DEBUG: Crawled (301) <GET http://www.dfjmw.com.cn/wenda/> (referer: http://www.dfjmw.com.cn/)
2018-05-31 11:27:25 [scrapy.core.engine] DEBUG: Crawled (404) <GET http://www.dfjmw.com.cn/zhuanqian/9187.html> (referer: http://www.dfjmw.com.cn/)
2018-05-31 11:27:25 [scrapy.core.engine] DEBUG: Crawled (404) <GET http://www.dfjmw.com.cn/zhuanqian/9200.html> (referer: http://www.dfjmw.com.cn/)
2018-05-31 11:27:25 [scrapy.core.engine] DEBUG: Crawled (404) <GET http://www.dfjmw.com.cn/zhuanqian/5470.html> (referer: http://www.dfjmw.com.cn/)
2018-05-31 11:27:25 [scrapy.core.engine] DEBUG: Crawled (404) <GET http://www.dfjmw.com.cn/zhuanqian/9378.html> (referer: http://www.dfjmw.com.cn/)
2018-05-31 11:27:25 [scrapy.core.engine] DEBUG: Crawled (404) <GET http://www.dfjmw.com.cn/zhuanqian/9696.html> (referer: http://www.dfjmw.com.cn/)
2018-05-31 11:27:25 [scrapy.core.engine] DEBUG: Crawled (404) <GET http://www.dfjmw.com.cn/zhuanqian/9732.html> (referer: http://www.dfjmw.com.cn/)
2018-05-31 11:27:25 [scrapy.core.engine] DEBUG: Crawled (404) <GET http://www.dfjmw.com.cn/zhuanqian/9753.html> (referer: http://www.dfjmw.com.cn/)
2018-05-31 11:27:25 [scrapy.core.scraper] DEBUG: Scraped from <404 http://www.dfjmw.com.cn/fangan/4933.html>
{'link': 'http://www.dfjmw.com.cn/fangan/4933.html',
 'referer': b'http://www.dfjmw.com.cn/',
 'status': 404}
2018-05-31 11:27:25 [scrapy.core.engine] DEBUG: Crawled (404) <GET http://www.dfjmw.com.cn/zhuanqian/10466.html> (referer: http://www.dfjmw.com.cn/)
2018-05-31 11:27:25 [scrapy.core.engine] DEBUG: Crawled (404) <GET http://www.dfjmw.com.cn/zhuanqian/10483.html> (referer: http://www.dfjmw.com.cn/)
2018-05-31 11:27:25 [scrapy.core.engine] DEBUG: Crawled (301) <GET http://www.dfjmw.com.cn/zhuanqian/> (referer: http://www.dfjmw.com.cn/)
2018-05-31 11:27:25 [scrapy.core.engine] DEBUG: Crawled (404) <GET http://www.dfjmw.com.cn/lirun/4234.html> (referer: http://www.dfjmw.com.cn/)
2018-05-31 11:27:25 [scrapy.core.engine] DEBUG: Crawled (404) <GET http://www.dfjmw.com.cn/lirun/358.html> (referer: http://www.dfjmw.com.cn/)
2018-05-31 11:27:25 [scrapy.core.scraper] DEBUG: Scraped from <404 http://www.dfjmw.com.cn/peixun/2031.html>
{'link': 'http://www.dfjmw.com.cn/peixun/2031.html',
 'referer': b'http://www.dfjmw.com.cn/',
 'status': 404}
2018-05-31 11:27:25 [scrapy.core.scraper] DEBUG: Scraped from <404 http://www.dfjmw.com.cn/fangan/4936.html>
{'link': 'http://www.dfjmw.com.cn/fangan/4936.html',
 'referer': b'http://www.dfjmw.com.cn/',
 'status': 404}
2018-05-31 11:27:25 [scrapy.core.scraper] DEBUG: Scraped from <404 http://www.dfjmw.com.cn/fangan/4935.html>
{'link': 'http://www.dfjmw.com.cn/fangan/4935.html',
 'referer': b'http://www.dfjmw.com.cn/',
 'status': 404}
2018-05-31 11:27:25 [scrapy.core.scraper] DEBUG: Scraped from <301 http://www.dfjmw.com.cn/zhinan/>
{'link': 'http://www.dfjmw.com.cn/zhinan/',
 'referer': b'http://www.dfjmw.com.cn/',
 'status': 301}
2018-05-31 11:27:25 [scrapy.core.scraper] DEBUG: Scraped from <404 http://www.dfjmw.com.cn/fangan/4934.html>
{'link': 'http://www.dfjmw.com.cn/fangan/4934.html',
 'referer': b'http://www.dfjmw.com.cn/',
 'status': 404}
2018-05-31 11:27:25 [scrapy.core.scraper] DEBUG: Scraped from <404 http://www.dfjmw.com.cn/peixun/1785.html>
{'link': 'http://www.dfjmw.com.cn/peixun/1785.html',
 'referer': b'http://www.dfjmw.com.cn/',
 'status': 404}
2018-05-31 11:27:25 [scrapy.core.scraper] DEBUG: Scraped from <404 http://www.dfjmw.com.cn/fangan/4937.html>
{'link': 'http://www.dfjmw.com.cn/fangan/4937.html',
 'referer': b'http://www.dfjmw.com.cn/',
 'status': 404}
2018-05-31 11:27:25 [scrapy.core.engine] DEBUG: Crawled (404) <GET http://www.dfjmw.com.cn/lirun/4222.html> (referer: http://www.dfjmw.com.cn/)
2018-05-31 11:27:25 [scrapy.core.engine] DEBUG: Crawled (404) <GET http://www.dfjmw.com.cn/lirun/4221.html> (referer: http://www.dfjmw.com.cn/)
2018-05-31 11:27:25 [scrapy.core.engine] DEBUG: Crawled (404) <GET http://www.dfjmw.com.cn/lirun/4224.html> (referer: http://www.dfjmw.com.cn/)
2018-05-31 11:27:25 [scrapy.core.engine] DEBUG: Crawled (404) <GET http://www.dfjmw.com.cn/zhinan/4215.html> (referer: http://www.dfjmw.com.cn/)
2018-05-31 11:27:25 [scrapy.core.engine] DEBUG: Crawled (404) <GET http://www.dfjmw.com.cn/lirun/4217.html> (referer: http://www.dfjmw.com.cn/)
2018-05-31 11:27:25 [scrapy.core.engine] DEBUG: Crawled (404) <GET http://www.dfjmw.com.cn/lirun/4216.html> (referer: http://www.dfjmw.com.cn/)
2018-05-31 11:27:25 [scrapy.core.engine] DEBUG: Crawled (404) <GET http://www.dfjmw.com.cn/lirun/4218.html> (referer: http://www.dfjmw.com.cn/)
2018-05-31 11:27:25 [scrapy.core.engine] DEBUG: Crawled (404) <GET http://www.dfjmw.com.cn/lirun/4205.html> (referer: http://www.dfjmw.com.cn/)
2018-05-31 11:27:25 [scrapy.core.scraper] DEBUG: Scraped from <301 http://www.dfjmw.com.cn/ucczt/>
{'link': 'http://www.dfjmw.com.cn/ucczt/',
 'referer': b'http://www.dfjmw.com.cn/',
 'status': 301}
2018-05-31 11:27:25 [scrapy.core.scraper] DEBUG: Scraped from <301 http://www.dfjmw.com.cn/lianxi/>
{'link': 'http://www.dfjmw.com.cn/lianxi/',
 'referer': b'http://www.dfjmw.com.cn/',
 'status': 301}
2018-05-31 11:27:25 [scrapy.core.scraper] DEBUG: Scraped from <301 http://www.dfjmw.com.cn/peixun/>
{'link': 'http://www.dfjmw.com.cn/peixun/',
 'referer': b'http://www.dfjmw.com.cn/',
 'status': 301}
2018-05-31 11:27:25 [scrapy.core.scraper] DEBUG: Scraped from <301 http://www.dfjmw.com.cn/jiage/>
{'link': 'http://www.dfjmw.com.cn/jiage/',
 'referer': b'http://www.dfjmw.com.cn/',
 'status': 301}
2018-05-31 11:27:25 [scrapy.core.scraper] DEBUG: Scraped from <301 http://www.dfjmw.com.cn/shebei/>
{'link': 'http://www.dfjmw.com.cn/shebei/',
 'referer': b'http://www.dfjmw.com.cn/',
 'status': 301}
2018-05-31 11:27:25 [scrapy.core.scraper] DEBUG: Scraped from <301 http://www.dfjmw.com.cn/youshi/>
{'link': 'http://www.dfjmw.com.cn/youshi/',
 'referer': b'http://www.dfjmw.com.cn/',
 'status': 301}
2018-05-31 11:27:25 [scrapy.core.scraper] DEBUG: Scraped from <301 http://www.dfjmw.com.cn/touzi/>
{'link': 'http://www.dfjmw.com.cn/touzi/',
 'referer': b'http://www.dfjmw.com.cn/',
 'status': 301}
2018-05-31 11:27:25 [scrapy.core.scraper] DEBUG: Scraped from <404 http://www.dfjmw.com.cn/chengben/10447.html>
{'link': 'http://www.dfjmw.com.cn/chengben/10447.html',
 'referer': b'http://www.dfjmw.com.cn/',
 'status': 404}
2018-05-31 11:27:25 [scrapy.core.scraper] DEBUG: Scraped from <301 http://www.dfjmw.com.cn/dongtai/9450.html>
{'link': 'http://www.dfjmw.com.cn/dongtai/9450.html',
 'referer': b'http://www.dfjmw.com.cn/',
 'status': 301}
2018-05-31 11:27:25 [scrapy.core.scraper] DEBUG: Scraped from <301 http://www.dfjmw.com.cn/dongtai/9451.html>
{'link': 'http://www.dfjmw.com.cn/dongtai/9451.html',
 'referer': b'http://www.dfjmw.com.cn/',
 'status': 301}
2018-05-31 11:27:25 [scrapy.core.scraper] DEBUG: Scraped from <301 http://www.dfjmw.com.cn/dongtai/9467.html>
{'link': 'http://www.dfjmw.com.cn/dongtai/9467.html',
 'referer': b'http://www.dfjmw.com.cn/',
 'status': 301}
2018-05-31 11:27:25 [scrapy.core.scraper] DEBUG: Scraped from <301 http://www.dfjmw.com.cn/dongtai/9474.html>
{'link': 'http://www.dfjmw.com.cn/dongtai/9474.html',
 'referer': b'http://www.dfjmw.com.cn/',
 'status': 301}
2018-05-31 11:27:25 [scrapy.core.scraper] DEBUG: Scraped from <301 http://www.dfjmw.com.cn/dongtai/9475.html>
{'link': 'http://www.dfjmw.com.cn/dongtai/9475.html',
 'referer': b'http://www.dfjmw.com.cn/',
 'status': 301}
2018-05-31 11:27:25 [scrapy.core.scraper] DEBUG: Scraped from <301 http://www.dfjmw.com.cn/dongtai/9476.html>
{'link': 'http://www.dfjmw.com.cn/dongtai/9476.html',
 'referer': b'http://www.dfjmw.com.cn/',
 'status': 301}
2018-05-31 11:27:25 [scrapy.core.scraper] DEBUG: Scraped from <301 http://www.dfjmw.com.cn/dongtai/9490.html>
{'link': 'http://www.dfjmw.com.cn/dongtai/9490.html',
 'referer': b'http://www.dfjmw.com.cn/',
 'status': 301}
2018-05-31 11:27:25 [scrapy.core.scraper] DEBUG: Scraped from <301 http://www.dfjmw.com.cn/dongtai/9528.html>
{'link': 'http://www.dfjmw.com.cn/dongtai/9528.html',
 'referer': b'http://www.dfjmw.com.cn/',
 'status': 301}
2018-05-31 11:27:26 [scrapy.core.engine] DEBUG: Crawled (404) <GET http://www.dfjmw.com.cn/lirun/4204.html> (referer: http://www.dfjmw.com.cn/)
2018-05-31 11:27:26 [scrapy.core.engine] DEBUG: Crawled (404) <GET http://www.dfjmw.com.cn/templets/meiguiyuan/images/rongyu/20.jpg> (referer: http://www.dfjmw.com.cn/)
2018-05-31 11:27:26 [scrapy.core.engine] DEBUG: Crawled (404) <GET http://www.dfjmw.com.cn/templets/meiguiyuan/images/rongyu/19.jpg> (referer: http://www.dfjmw.com.cn/)
2018-05-31 11:27:26 [scrapy.core.scraper] DEBUG: Scraped from <404 http://www.dfjmw.com.cn/templets/meiguiyuan/images/rongyu/8.jpg>
{'link': 'http://www.dfjmw.com.cn/templets/meiguiyuan/images/rongyu/8.jpg',
 'referer': b'http://www.dfjmw.com.cn/',
 'status': 404}
2018-05-31 11:27:26 [scrapy.core.scraper] DEBUG: Scraped from <404 http://www.dfjmw.com.cn/templets/meiguiyuan/images/rongyu/7.jpg>
{'link': 'http://www.dfjmw.com.cn/templets/meiguiyuan/images/rongyu/7.jpg',
 'referer': b'http://www.dfjmw.com.cn/',
 'status': 404}
2018-05-31 11:27:26 [scrapy.core.scraper] DEBUG: Scraped from <404 http://www.dfjmw.com.cn/templets/meiguiyuan/images/rongyu/5.jpg>
{'link': 'http://www.dfjmw.com.cn/templets/meiguiyuan/images/rongyu/5.jpg',
 'referer': b'http://www.dfjmw.com.cn/',
 'status': 404}
2018-05-31 11:27:26 [scrapy.core.scraper] DEBUG: Scraped from <404 http://www.dfjmw.com.cn/templets/meiguiyuan/images/rongyu/4.jpg>
{'link': 'http://www.dfjmw.com.cn/templets/meiguiyuan/images/rongyu/4.jpg',
 'referer': b'http://www.dfjmw.com.cn/',
 'status': 404}
2018-05-31 11:27:26 [scrapy.core.scraper] DEBUG: Scraped from <404 http://www.dfjmw.com.cn/templets/meiguiyuan/images/rongyu/2.jpg>
{'link': 'http://www.dfjmw.com.cn/templets/meiguiyuan/images/rongyu/2.jpg',
 'referer': b'http://www.dfjmw.com.cn/',
 'status': 404}
2018-05-31 11:27:26 [scrapy.core.scraper] DEBUG: Scraped from <404 http://www.dfjmw.com.cn/anli/5924.html>
{'link': 'http://www.dfjmw.com.cn/anli/5924.html',
 'referer': b'http://www.dfjmw.com.cn/',
 'status': 404}
2018-05-31 11:27:26 [scrapy.core.scraper] DEBUG: Scraped from <404 http://www.dfjmw.com.cn/anli/6295.html>
{'link': 'http://www.dfjmw.com.cn/anli/6295.html',
 'referer': b'http://www.dfjmw.com.cn/',
 'status': 404}
2018-05-31 11:27:26 [scrapy.core.scraper] DEBUG: Scraped from <404 http://www.dfjmw.com.cn/anli/6358.html>
{'link': 'http://www.dfjmw.com.cn/anli/6358.html',
 'referer': b'http://www.dfjmw.com.cn/',
 'status': 404}
2018-05-31 11:27:26 [scrapy.core.scraper] DEBUG: Scraped from <404 http://www.dfjmw.com.cn/sitemap.xml>
{'link': 'http://www.dfjmw.com.cn/sitemap.xml',
 'referer': b'http://www.dfjmw.com.cn/',
 'status': 404}
2018-05-31 11:27:26 [scrapy.core.scraper] DEBUG: Scraped from <301 http://www.dfjmw.com.cn/news/>
{'link': 'http://www.dfjmw.com.cn/news/',
 'referer': b'http://www.dfjmw.com.cn/',
 'status': 301}
2018-05-31 11:27:26 [scrapy.core.scraper] DEBUG: Scraped from <404 http://www.dfjmw.com.cn/zhuanqian/9186.html>
{'link': 'http://www.dfjmw.com.cn/zhuanqian/9186.html',
 'referer': b'http://www.dfjmw.com.cn/',
 'status': 404}
2018-05-31 11:27:26 [scrapy.core.scraper] DEBUG: Scraped from <301 http://www.dfjmw.com.cn/wenda/>
{'link': 'http://www.dfjmw.com.cn/wenda/',
 'referer': b'http://www.dfjmw.com.cn/',
 'status': 301}
2018-05-31 11:27:26 [scrapy.core.scraper] DEBUG: Scraped from <404 http://www.dfjmw.com.cn/zhuanqian/9187.html>
{'link': 'http://www.dfjmw.com.cn/zhuanqian/9187.html',
 'referer': b'http://www.dfjmw.com.cn/',
 'status': 404}
2018-05-31 11:27:26 [scrapy.core.scraper] DEBUG: Scraped from <404 http://www.dfjmw.com.cn/zhuanqian/9200.html>
{'link': 'http://www.dfjmw.com.cn/zhuanqian/9200.html',
 'referer': b'http://www.dfjmw.com.cn/',
 'status': 404}
2018-05-31 11:27:26 [scrapy.core.scraper] DEBUG: Scraped from <404 http://www.dfjmw.com.cn/zhuanqian/5470.html>
{'link': 'http://www.dfjmw.com.cn/zhuanqian/5470.html',
 'referer': b'http://www.dfjmw.com.cn/',
 'status': 404}
2018-05-31 11:27:26 [scrapy.core.scraper] DEBUG: Scraped from <404 http://www.dfjmw.com.cn/zhuanqian/9378.html>
{'link': 'http://www.dfjmw.com.cn/zhuanqian/9378.html',
 'referer': b'http://www.dfjmw.com.cn/',
 'status': 404}
2018-05-31 11:27:26 [scrapy.core.scraper] DEBUG: Scraped from <404 http://www.dfjmw.com.cn/zhuanqian/9696.html>
{'link': 'http://www.dfjmw.com.cn/zhuanqian/9696.html',
 'referer': b'http://www.dfjmw.com.cn/',
 'status': 404}
2018-05-31 11:27:26 [scrapy.core.scraper] DEBUG: Scraped from <404 http://www.dfjmw.com.cn/zhuanqian/9732.html>
{'link': 'http://www.dfjmw.com.cn/zhuanqian/9732.html',
 'referer': b'http://www.dfjmw.com.cn/',
 'status': 404}
2018-05-31 11:27:26 [scrapy.core.scraper] DEBUG: Scraped from <404 http://www.dfjmw.com.cn/zhuanqian/9753.html>
{'link': 'http://www.dfjmw.com.cn/zhuanqian/9753.html',
 'referer': b'http://www.dfjmw.com.cn/',
 'status': 404}
2018-05-31 11:27:26 [scrapy.core.scraper] DEBUG: Scraped from <404 http://www.dfjmw.com.cn/zhuanqian/10466.html>
{'link': 'http://www.dfjmw.com.cn/zhuanqian/10466.html',
 'referer': b'http://www.dfjmw.com.cn/',
 'status': 404}
2018-05-31 11:27:26 [scrapy.core.scraper] DEBUG: Scraped from <404 http://www.dfjmw.com.cn/zhuanqian/10483.html>
{'link': 'http://www.dfjmw.com.cn/zhuanqian/10483.html',
 'referer': b'http://www.dfjmw.com.cn/',
 'status': 404}
2018-05-31 11:27:26 [scrapy.core.scraper] DEBUG: Scraped from <301 http://www.dfjmw.com.cn/zhuanqian/>
{'link': 'http://www.dfjmw.com.cn/zhuanqian/',
 'referer': b'http://www.dfjmw.com.cn/',
 'status': 301}
2018-05-31 11:27:26 [scrapy.core.scraper] DEBUG: Scraped from <404 http://www.dfjmw.com.cn/lirun/4234.html>
{'link': 'http://www.dfjmw.com.cn/lirun/4234.html',
 'referer': b'http://www.dfjmw.com.cn/',
 'status': 404}
2018-05-31 11:27:26 [scrapy.core.scraper] DEBUG: Scraped from <404 http://www.dfjmw.com.cn/lirun/358.html>
{'link': 'http://www.dfjmw.com.cn/lirun/358.html',
 'referer': b'http://www.dfjmw.com.cn/',
 'status': 404}
2018-05-31 11:27:26 [scrapy.core.engine] DEBUG: Crawled (404) <GET http://www.dfjmw.com.cn/templets/meiguiyuan/images/rongyu/15.jpg> (referer: http://www.dfjmw.com.cn/)
2018-05-31 11:27:26 [scrapy.core.engine] DEBUG: Crawled (404) <GET http://www.dfjmw.com.cn/templets/meiguiyuan/images/rongyu/11.jpg> (referer: http://www.dfjmw.com.cn/)
2018-05-31 11:27:26 [scrapy.core.engine] DEBUG: Crawled (404) <GET http://www.dfjmw.com.cn/anli/6522.html> (referer: http://www.dfjmw.com.cn/)
2018-05-31 11:27:26 [scrapy.core.engine] DEBUG: Crawled (404) <GET http://www.dfjmw.com.cn/anli/9538.html> (referer: http://www.dfjmw.com.cn/)
2018-05-31 11:27:26 [scrapy.core.engine] DEBUG: Crawled (404) <GET http://www.dfjmw.com.cn/anli/10494.html> (referer: http://www.dfjmw.com.cn/)
2018-05-31 11:27:26 [scrapy.core.scraper] DEBUG: Scraped from <404 http://www.dfjmw.com.cn/lirun/4222.html>
{'link': 'http://www.dfjmw.com.cn/lirun/4222.html',
 'referer': b'http://www.dfjmw.com.cn/',
 'status': 404}
2018-05-31 11:27:26 [scrapy.core.scraper] DEBUG: Scraped from <404 http://www.dfjmw.com.cn/lirun/4221.html>
{'link': 'http://www.dfjmw.com.cn/lirun/4221.html',
 'referer': b'http://www.dfjmw.com.cn/',
 'status': 404}
2018-05-31 11:27:26 [scrapy.core.scraper] DEBUG: Scraped from <404 http://www.dfjmw.com.cn/lirun/4224.html>
{'link': 'http://www.dfjmw.com.cn/lirun/4224.html',
 'referer': b'http://www.dfjmw.com.cn/',
 'status': 404}
2018-05-31 11:27:26 [scrapy.core.scraper] DEBUG: Scraped from <404 http://www.dfjmw.com.cn/zhinan/4215.html>
{'link': 'http://www.dfjmw.com.cn/zhinan/4215.html',
 'referer': b'http://www.dfjmw.com.cn/',
 'status': 404}
2018-05-31 11:27:26 [scrapy.core.scraper] DEBUG: Scraped from <404 http://www.dfjmw.com.cn/lirun/4217.html>
{'link': 'http://www.dfjmw.com.cn/lirun/4217.html',
 'referer': b'http://www.dfjmw.com.cn/',
 'status': 404}
2018-05-31 11:27:26 [scrapy.core.engine] DEBUG: Crawled (404) <GET http://www.dfjmw.com.cn/anli/10500.html> (referer: http://www.dfjmw.com.cn/)
2018-05-31 11:27:26 [scrapy.core.engine] DEBUG: Crawled (404) <GET http://www.dfjmw.com.cn/anli/10531.html> (referer: http://www.dfjmw.com.cn/)
2018-05-31 11:27:26 [scrapy.core.engine] DEBUG: Crawled (301) <GET http://www.dfjmw.com.cn/anli/> (referer: http://www.dfjmw.com.cn/)
2018-05-31 11:27:26 [scrapy.core.scraper] DEBUG: Scraped from <404 http://www.dfjmw.com.cn/lirun/4216.html>
{'link': 'http://www.dfjmw.com.cn/lirun/4216.html',
 'referer': b'http://www.dfjmw.com.cn/',
 'status': 404}
2018-05-31 11:27:26 [scrapy.core.scraper] DEBUG: Scraped from <404 http://www.dfjmw.com.cn/lirun/4218.html>
{'link': 'http://www.dfjmw.com.cn/lirun/4218.html',
 'referer': b'http://www.dfjmw.com.cn/',
 'status': 404}
2018-05-31 11:27:26 [scrapy.core.scraper] DEBUG: Scraped from <404 http://www.dfjmw.com.cn/lirun/4205.html>
{'link': 'http://www.dfjmw.com.cn/lirun/4205.html',
 'referer': b'http://www.dfjmw.com.cn/',
 'status': 404}
2018-05-31 11:27:26 [scrapy.core.scraper] DEBUG: Scraped from <404 http://www.dfjmw.com.cn/lirun/4204.html>
{'link': 'http://www.dfjmw.com.cn/lirun/4204.html',
 'referer': b'http://www.dfjmw.com.cn/',
 'status': 404}
2018-05-31 11:27:26 [scrapy.core.scraper] DEBUG: Scraped from <404 http://www.dfjmw.com.cn/templets/meiguiyuan/images/rongyu/20.jpg>
{'link': 'http://www.dfjmw.com.cn/templets/meiguiyuan/images/rongyu/20.jpg',
 'referer': b'http://www.dfjmw.com.cn/',
 'status': 404}
2018-05-31 11:27:26 [scrapy.core.scraper] DEBUG: Scraped from <404 http://www.dfjmw.com.cn/templets/meiguiyuan/images/rongyu/19.jpg>
{'link': 'http://www.dfjmw.com.cn/templets/meiguiyuan/images/rongyu/19.jpg',
 'referer': b'http://www.dfjmw.com.cn/',
 'status': 404}
2018-05-31 11:27:26 [scrapy.core.engine] DEBUG: Crawled (404) <GET http://www.dfjmw.com.cn/jiamengdian/210.html> (referer: http://www.dfjmw.com.cn/)
2018-05-31 11:27:26 [scrapy.core.engine] DEBUG: Crawled (404) <GET http://www.dfjmw.com.cn/jiamengdian/214.html> (referer: http://www.dfjmw.com.cn/)
2018-05-31 11:27:26 [scrapy.core.engine] DEBUG: Crawled (404) <GET http://www.dfjmw.com.cn/jiamengdian/224.html> (referer: http://www.dfjmw.com.cn/)
2018-05-31 11:27:26 [scrapy.core.engine] DEBUG: Crawled (404) <GET http://www.dfjmw.com.cn/jiamengdian/273.html> (referer: http://www.dfjmw.com.cn/)
2018-05-31 11:27:26 [scrapy.core.engine] DEBUG: Crawled (404) <GET http://www.dfjmw.com.cn/jiamengdian/276.html> (referer: http://www.dfjmw.com.cn/)
2018-05-31 11:27:26 [scrapy.core.engine] DEBUG: Crawled (301) <GET http://www.dfjmw.com.cn/jiamengdian/> (referer: http://www.dfjmw.com.cn/)
2018-05-31 11:27:26 [scrapy.core.engine] DEBUG: Crawled (404) <GET http://www.dfjmw.com.cn/jiage/10390.html> (referer: http://www.dfjmw.com.cn/)
2018-05-31 11:27:26 [scrapy.core.engine] DEBUG: Crawled (404) <GET http://www.dfjmw.com.cn/jiage/10399.html> (referer: http://www.dfjmw.com.cn/)
2018-05-31 11:27:26 [scrapy.core.engine] DEBUG: Crawled (404) <GET http://www.dfjmw.com.cn/jiage/10404.html> (referer: http://www.dfjmw.com.cn/)
2018-05-31 11:27:26 [scrapy.core.engine] DEBUG: Crawled (404) <GET http://www.dfjmw.com.cn/jiage/10410.html> (referer: http://www.dfjmw.com.cn/)
2018-05-31 11:27:26 [scrapy.core.engine] DEBUG: Crawled (404) <GET http://www.dfjmw.com.cn/jiage/10426.html> (referer: http://www.dfjmw.com.cn/)
2018-05-31 11:27:26 [scrapy.core.engine] DEBUG: Crawled (404) <GET http://www.dfjmw.com.cn/jiage/10436.html> (referer: http://www.dfjmw.com.cn/)
2018-05-31 11:27:26 [scrapy.core.engine] DEBUG: Crawled (404) <GET http://www.dfjmw.com.cn/jiage/10440.html> (referer: http://www.dfjmw.com.cn/)
2018-05-31 11:27:26 [scrapy.core.engine] DEBUG: Crawled (404) <GET http://www.dfjmw.com.cn/jiage/10441.html> (referer: http://www.dfjmw.com.cn/)
2018-05-31 11:27:26 [scrapy.core.engine] DEBUG: Crawled (404) <GET http://www.dfjmw.com.cn/shebei/10400.html> (referer: http://www.dfjmw.com.cn/)
2018-05-31 11:27:26 [scrapy.core.engine] DEBUG: Crawled (404) <GET http://www.dfjmw.com.cn/shebei/10409.html> (referer: http://www.dfjmw.com.cn/)
2018-05-31 11:27:26 [scrapy.core.engine] DEBUG: Crawled (404) <GET http://www.dfjmw.com.cn/shebei/10416.html> (referer: http://www.dfjmw.com.cn/)
2018-05-31 11:27:26 [scrapy.core.engine] DEBUG: Crawled (404) <GET http://www.dfjmw.com.cn/shebei/10427.html> (referer: http://www.dfjmw.com.cn/)
2018-05-31 11:27:26 [scrapy.core.engine] DEBUG: Crawled (404) <GET http://www.dfjmw.com.cn/shebei/10428.html> (referer: http://www.dfjmw.com.cn/)
2018-05-31 11:27:26 [scrapy.core.engine] DEBUG: Crawled (404) <GET http://www.dfjmw.com.cn/shebei/10437.html> (referer: http://www.dfjmw.com.cn/)
2018-05-31 11:27:26 [scrapy.core.engine] DEBUG: Crawled (404) <GET http://www.dfjmw.com.cn/shebei/10439.html> (referer: http://www.dfjmw.com.cn/)
2018-05-31 11:27:26 [scrapy.core.engine] DEBUG: Crawled (404) <GET http://www.dfjmw.com.cn/shebei/10452.html> (referer: http://www.dfjmw.com.cn/)
2018-05-31 11:27:26 [scrapy.core.engine] DEBUG: Crawled (404) <GET http://www.dfjmw.com.cn/chat/chat.html> (referer: http://www.dfjmw.com.cn/)
2018-05-31 11:27:26 [scrapy.core.engine] DEBUG: Crawled (301) <GET http://www.dfjmw.com.cn/dongtai/9215.html> (referer: http://www.dfjmw.com.cn/)
2018-05-31 11:27:26 [scrapy.core.scraper] DEBUG: Scraped from <404 http://www.dfjmw.com.cn/templets/meiguiyuan/images/rongyu/15.jpg>
{'link': 'http://www.dfjmw.com.cn/templets/meiguiyuan/images/rongyu/15.jpg',
 'referer': b'http://www.dfjmw.com.cn/',
 'status': 404}
2018-05-31 11:27:26 [scrapy.core.scraper] DEBUG: Scraped from <404 http://www.dfjmw.com.cn/templets/meiguiyuan/images/rongyu/11.jpg>
{'link': 'http://www.dfjmw.com.cn/templets/meiguiyuan/images/rongyu/11.jpg',
 'referer': b'http://www.dfjmw.com.cn/',
 'status': 404}
2018-05-31 11:27:26 [scrapy.core.scraper] DEBUG: Scraped from <404 http://www.dfjmw.com.cn/anli/6522.html>
{'link': 'http://www.dfjmw.com.cn/anli/6522.html',
 'referer': b'http://www.dfjmw.com.cn/',
 'status': 404}
2018-05-31 11:27:26 [scrapy.core.scraper] DEBUG: Scraped from <404 http://www.dfjmw.com.cn/anli/9538.html>
{'link': 'http://www.dfjmw.com.cn/anli/9538.html',
 'referer': b'http://www.dfjmw.com.cn/',
 'status': 404}
2018-05-31 11:27:26 [scrapy.core.scraper] DEBUG: Scraped from <404 http://www.dfjmw.com.cn/anli/10494.html>
{'link': 'http://www.dfjmw.com.cn/anli/10494.html',
 'referer': b'http://www.dfjmw.com.cn/',
 'status': 404}
2018-05-31 11:27:26 [scrapy.core.engine] DEBUG: Crawled (301) <GET http://www.dfjmw.com.cn/dongtai/9288.html> (referer: http://www.dfjmw.com.cn/)
2018-05-31 11:27:26 [scrapy.core.engine] DEBUG: Crawled (301) <GET http://www.dfjmw.com.cn/dongtai/9316.html> (referer: http://www.dfjmw.com.cn/)
2018-05-31 11:27:26 [scrapy.core.engine] DEBUG: Crawled (301) <GET http://www.dfjmw.com.cn/dongtai/9318.html> (referer: http://www.dfjmw.com.cn/)
2018-05-31 11:27:26 [scrapy.core.engine] DEBUG: Crawled (301) <GET http://www.dfjmw.com.cn/dongtai/9440.html> (referer: http://www.dfjmw.com.cn/)
2018-05-31 11:27:26 [scrapy.core.engine] DEBUG: Crawled (301) <GET http://www.dfjmw.com.cn/dongtai/9441.html> (referer: http://www.dfjmw.com.cn/)
2018-05-31 11:27:26 [scrapy.core.engine] DEBUG: Crawled (301) <GET http://www.dfjmw.com.cn/dongtai/9535.html> (referer: http://www.dfjmw.com.cn/)
2018-05-31 11:27:26 [scrapy.core.engine] DEBUG: Crawled (301) <GET http://www.dfjmw.com.cn/dongtai/9547.html> (referer: http://www.dfjmw.com.cn/)
2018-05-31 11:27:26 [scrapy.core.engine] DEBUG: Crawled (301) <GET http://www.dfjmw.com.cn/dongtai/9556.html> (referer: http://www.dfjmw.com.cn/)
2018-05-31 11:27:26 [scrapy.core.scraper] DEBUG: Scraped from <404 http://www.dfjmw.com.cn/anli/10500.html>
{'link': 'http://www.dfjmw.com.cn/anli/10500.html',
 'referer': b'http://www.dfjmw.com.cn/',
 'status': 404}
2018-05-31 11:27:26 [scrapy.core.scraper] DEBUG: Scraped from <404 http://www.dfjmw.com.cn/anli/10531.html>
{'link': 'http://www.dfjmw.com.cn/anli/10531.html',
 'referer': b'http://www.dfjmw.com.cn/',
 'status': 404}
2018-05-31 11:27:26 [scrapy.core.scraper] DEBUG: Scraped from <301 http://www.dfjmw.com.cn/anli/>
{'link': 'http://www.dfjmw.com.cn/anli/',
 'referer': b'http://www.dfjmw.com.cn/',
 'status': 301}
2018-05-31 11:27:26 [scrapy.core.engine] DEBUG: Crawled (301) <GET http://www.dfjmw.com.cn/dongtai/9562.html> (referer: http://www.dfjmw.com.cn/)
2018-05-31 11:27:26 [scrapy.core.engine] DEBUG: Crawled (301) <GET http://www.dfjmw.com.cn/dongtai/9572.html> (referer: http://www.dfjmw.com.cn/)
2018-05-31 11:27:26 [scrapy.core.engine] DEBUG: Crawled (301) <GET http://www.dfjmw.com.cn/dongtai/9576.html> (referer: http://www.dfjmw.com.cn/)
2018-05-31 11:27:26 [scrapy.core.engine] DEBUG: Crawled (301) <GET http://www.dfjmw.com.cn/dongtai/9584.html> (referer: http://www.dfjmw.com.cn/)
2018-05-31 11:27:26 [scrapy.core.engine] DEBUG: Crawled (301) <GET http://www.dfjmw.com.cn/dongtai/9591.html> (referer: http://www.dfjmw.com.cn/)
2018-05-31 11:27:26 [scrapy.core.engine] DEBUG: Crawled (301) <GET http://www.dfjmw.com.cn/dongtai/9697.html> (referer: http://www.dfjmw.com.cn/)
2018-05-31 11:27:26 [scrapy.core.engine] DEBUG: Crawled (301) <GET http://www.dfjmw.com.cn/dongtai/9723.html> (referer: http://www.dfjmw.com.cn/)
2018-05-31 11:27:26 [scrapy.core.engine] DEBUG: Crawled (301) <GET http://www.dfjmw.com.cn/dongtai/9725.html> (referer: http://www.dfjmw.com.cn/)
2018-05-31 11:27:26 [scrapy.core.scraper] DEBUG: Scraped from <404 http://www.dfjmw.com.cn/jiamengdian/210.html>
{'link': 'http://www.dfjmw.com.cn/jiamengdian/210.html',
 'referer': b'http://www.dfjmw.com.cn/',
 'status': 404}
2018-05-31 11:27:26 [scrapy.core.scraper] DEBUG: Scraped from <404 http://www.dfjmw.com.cn/jiamengdian/214.html>
{'link': 'http://www.dfjmw.com.cn/jiamengdian/214.html',
 'referer': b'http://www.dfjmw.com.cn/',
 'status': 404}
2018-05-31 11:27:26 [scrapy.core.scraper] DEBUG: Scraped from <404 http://www.dfjmw.com.cn/jiamengdian/224.html>
{'link': 'http://www.dfjmw.com.cn/jiamengdian/224.html',
 'referer': b'http://www.dfjmw.com.cn/',
 'status': 404}
2018-05-31 11:27:26 [scrapy.core.scraper] DEBUG: Scraped from <404 http://www.dfjmw.com.cn/jiamengdian/273.html>
{'link': 'http://www.dfjmw.com.cn/jiamengdian/273.html',
 'referer': b'http://www.dfjmw.com.cn/',
 'status': 404}
2018-05-31 11:27:26 [scrapy.core.scraper] DEBUG: Scraped from <404 http://www.dfjmw.com.cn/jiamengdian/276.html>
{'link': 'http://www.dfjmw.com.cn/jiamengdian/276.html',
 'referer': b'http://www.dfjmw.com.cn/',
 'status': 404}
2018-05-31 11:27:26 [scrapy.core.scraper] DEBUG: Scraped from <301 http://www.dfjmw.com.cn/jiamengdian/>
{'link': 'http://www.dfjmw.com.cn/jiamengdian/',
 'referer': b'http://www.dfjmw.com.cn/',
 'status': 301}
2018-05-31 11:27:26 [scrapy.core.engine] DEBUG: Crawled (301) <GET http://www.dfjmw.com.cn/dongtai/514.html> (referer: http://www.dfjmw.com.cn/)
2018-05-31 11:27:26 [scrapy.core.engine] DEBUG: Crawled (301) <GET http://www.dfjmw.com.cn/dongtai/1389.html> (referer: http://www.dfjmw.com.cn/)
2018-05-31 11:27:26 [scrapy.core.engine] DEBUG: Crawled (301) <GET http://www.dfjmw.com.cn/dongtai/10468.html> (referer: http://www.dfjmw.com.cn/)
2018-05-31 11:27:26 [scrapy.core.engine] DEBUG: Crawled (301) <GET http://www.dfjmw.com.cn/dongtai/10467.html> (referer: http://www.dfjmw.com.cn/)
2018-05-31 11:27:26 [scrapy.core.engine] DEBUG: Crawled (301) <GET http://www.dfjmw.com.cn/dongtai/10485.html> (referer: http://www.dfjmw.com.cn/)
2018-05-31 11:27:26 [scrapy.core.scraper] DEBUG: Scraped from <404 http://www.dfjmw.com.cn/jiage/10390.html>
{'link': 'http://www.dfjmw.com.cn/jiage/10390.html',
 'referer': b'http://www.dfjmw.com.cn/',
 'status': 404}
2018-05-31 11:27:26 [scrapy.core.scraper] DEBUG: Scraped from <404 http://www.dfjmw.com.cn/jiage/10399.html>
{'link': 'http://www.dfjmw.com.cn/jiage/10399.html',
 'referer': b'http://www.dfjmw.com.cn/',
 'status': 404}
2018-05-31 11:27:26 [scrapy.core.scraper] DEBUG: Scraped from <404 http://www.dfjmw.com.cn/jiage/10404.html>
{'link': 'http://www.dfjmw.com.cn/jiage/10404.html',
 'referer': b'http://www.dfjmw.com.cn/',
 'status': 404}
2018-05-31 11:27:26 [scrapy.core.scraper] DEBUG: Scraped from <404 http://www.dfjmw.com.cn/jiage/10410.html>
{'link': 'http://www.dfjmw.com.cn/jiage/10410.html',
 'referer': b'http://www.dfjmw.com.cn/',
 'status': 404}
2018-05-31 11:27:26 [scrapy.core.scraper] DEBUG: Scraped from <404 http://www.dfjmw.com.cn/jiage/10426.html>
{'link': 'http://www.dfjmw.com.cn/jiage/10426.html',
 'referer': b'http://www.dfjmw.com.cn/',
 'status': 404}
2018-05-31 11:27:26 [scrapy.core.scraper] DEBUG: Scraped from <404 http://www.dfjmw.com.cn/jiage/10436.html>
{'link': 'http://www.dfjmw.com.cn/jiage/10436.html',
 'referer': b'http://www.dfjmw.com.cn/',
 'status': 404}
2018-05-31 11:27:26 [scrapy.core.scraper] DEBUG: Scraped from <404 http://www.dfjmw.com.cn/jiage/10440.html>
{'link': 'http://www.dfjmw.com.cn/jiage/10440.html',
 'referer': b'http://www.dfjmw.com.cn/',
 'status': 404}
2018-05-31 11:27:26 [scrapy.core.scraper] DEBUG: Scraped from <404 http://www.dfjmw.com.cn/jiage/10441.html>
{'link': 'http://www.dfjmw.com.cn/jiage/10441.html',
 'referer': b'http://www.dfjmw.com.cn/',
 'status': 404}
2018-05-31 11:27:26 [scrapy.core.scraper] DEBUG: Scraped from <404 http://www.dfjmw.com.cn/shebei/10400.html>
{'link': 'http://www.dfjmw.com.cn/shebei/10400.html',
 'referer': b'http://www.dfjmw.com.cn/',
 'status': 404}
2018-05-31 11:27:26 [scrapy.core.scraper] DEBUG: Scraped from <404 http://www.dfjmw.com.cn/shebei/10409.html>
{'link': 'http://www.dfjmw.com.cn/shebei/10409.html',
 'referer': b'http://www.dfjmw.com.cn/',
 'status': 404}
2018-05-31 11:27:26 [scrapy.core.scraper] DEBUG: Scraped from <404 http://www.dfjmw.com.cn/shebei/10416.html>
{'link': 'http://www.dfjmw.com.cn/shebei/10416.html',
 'referer': b'http://www.dfjmw.com.cn/',
 'status': 404}
2018-05-31 11:27:26 [scrapy.core.engine] DEBUG: Crawled (301) <GET http://www.dfjmw.com.cn/dongtai/> (referer: http://www.dfjmw.com.cn/)
2018-05-31 11:27:26 [scrapy.core.engine] DEBUG: Crawled (404) <GET http://www.dfjmw.com.cn/baike/10515.html> (referer: http://www.dfjmw.com.cn/)
2018-05-31 11:27:26 [scrapy.core.engine] DEBUG: Crawled (404) <GET http://www.dfjmw.com.cn/baike/10514.html> (referer: http://www.dfjmw.com.cn/)
2018-05-31 11:27:26 [scrapy.core.scraper] DEBUG: Scraped from <404 http://www.dfjmw.com.cn/shebei/10427.html>
{'link': 'http://www.dfjmw.com.cn/shebei/10427.html',
 'referer': b'http://www.dfjmw.com.cn/',
 'status': 404}
2018-05-31 11:27:26 [scrapy.core.scraper] DEBUG: Scraped from <404 http://www.dfjmw.com.cn/shebei/10428.html>
{'link': 'http://www.dfjmw.com.cn/shebei/10428.html',
 'referer': b'http://www.dfjmw.com.cn/',
 'status': 404}
2018-05-31 11:27:26 [scrapy.core.scraper] DEBUG: Scraped from <404 http://www.dfjmw.com.cn/shebei/10437.html>
{'link': 'http://www.dfjmw.com.cn/shebei/10437.html',
 'referer': b'http://www.dfjmw.com.cn/',
 'status': 404}
2018-05-31 11:27:26 [scrapy.core.scraper] DEBUG: Scraped from <404 http://www.dfjmw.com.cn/shebei/10439.html>
{'link': 'http://www.dfjmw.com.cn/shebei/10439.html',
 'referer': b'http://www.dfjmw.com.cn/',
 'status': 404}
2018-05-31 11:27:26 [scrapy.core.scraper] DEBUG: Scraped from <404 http://www.dfjmw.com.cn/shebei/10452.html>
{'link': 'http://www.dfjmw.com.cn/shebei/10452.html',
 'referer': b'http://www.dfjmw.com.cn/',
 'status': 404}
2018-05-31 11:27:26 [scrapy.core.scraper] DEBUG: Scraped from <404 http://www.dfjmw.com.cn/chat/chat.html>
{'link': 'http://www.dfjmw.com.cn/chat/chat.html',
 'referer': b'http://www.dfjmw.com.cn/',
 'status': 404}
2018-05-31 11:27:26 [scrapy.core.scraper] DEBUG: Scraped from <301 http://www.dfjmw.com.cn/dongtai/9215.html>
{'link': 'http://www.dfjmw.com.cn/dongtai/9215.html',
 'referer': b'http://www.dfjmw.com.cn/',
 'status': 301}
2018-05-31 11:27:26 [scrapy.core.scraper] DEBUG: Scraped from <301 http://www.dfjmw.com.cn/dongtai/9288.html>
{'link': 'http://www.dfjmw.com.cn/dongtai/9288.html',
 'referer': b'http://www.dfjmw.com.cn/',
 'status': 301}
2018-05-31 11:27:26 [scrapy.core.scraper] DEBUG: Scraped from <301 http://www.dfjmw.com.cn/dongtai/9316.html>
{'link': 'http://www.dfjmw.com.cn/dongtai/9316.html',
 'referer': b'http://www.dfjmw.com.cn/',
 'status': 301}
2018-05-31 11:27:26 [scrapy.core.scraper] DEBUG: Scraped from <301 http://www.dfjmw.com.cn/dongtai/9318.html>
{'link': 'http://www.dfjmw.com.cn/dongtai/9318.html',
 'referer': b'http://www.dfjmw.com.cn/',
 'status': 301}
2018-05-31 11:27:26 [scrapy.core.scraper] DEBUG: Scraped from <301 http://www.dfjmw.com.cn/dongtai/9440.html>
{'link': 'http://www.dfjmw.com.cn/dongtai/9440.html',
 'referer': b'http://www.dfjmw.com.cn/',
 'status': 301}
2018-05-31 11:27:26 [scrapy.core.scraper] DEBUG: Scraped from <301 http://www.dfjmw.com.cn/dongtai/9441.html>
{'link': 'http://www.dfjmw.com.cn/dongtai/9441.html',
 'referer': b'http://www.dfjmw.com.cn/',
 'status': 301}
2018-05-31 11:27:26 [scrapy.core.scraper] DEBUG: Scraped from <301 http://www.dfjmw.com.cn/dongtai/9535.html>
{'link': 'http://www.dfjmw.com.cn/dongtai/9535.html',
 'referer': b'http://www.dfjmw.com.cn/',
 'status': 301}
2018-05-31 11:27:26 [scrapy.core.scraper] DEBUG: Scraped from <301 http://www.dfjmw.com.cn/dongtai/9547.html>
{'link': 'http://www.dfjmw.com.cn/dongtai/9547.html',
 'referer': b'http://www.dfjmw.com.cn/',
 'status': 301}
2018-05-31 11:27:26 [scrapy.core.scraper] DEBUG: Scraped from <301 http://www.dfjmw.com.cn/dongtai/9556.html>
{'link': 'http://www.dfjmw.com.cn/dongtai/9556.html',
 'referer': b'http://www.dfjmw.com.cn/',
 'status': 301}
2018-05-31 11:27:26 [scrapy.core.scraper] DEBUG: Scraped from <301 http://www.dfjmw.com.cn/dongtai/9562.html>
{'link': 'http://www.dfjmw.com.cn/dongtai/9562.html',
 'referer': b'http://www.dfjmw.com.cn/',
 'status': 301}
2018-05-31 11:27:26 [scrapy.core.scraper] DEBUG: Scraped from <301 http://www.dfjmw.com.cn/dongtai/9572.html>
{'link': 'http://www.dfjmw.com.cn/dongtai/9572.html',
 'referer': b'http://www.dfjmw.com.cn/',
 'status': 301}
2018-05-31 11:27:26 [scrapy.core.scraper] DEBUG: Scraped from <301 http://www.dfjmw.com.cn/dongtai/9576.html>
{'link': 'http://www.dfjmw.com.cn/dongtai/9576.html',
 'referer': b'http://www.dfjmw.com.cn/',
 'status': 301}
2018-05-31 11:27:26 [scrapy.core.scraper] DEBUG: Scraped from <301 http://www.dfjmw.com.cn/dongtai/9584.html>
{'link': 'http://www.dfjmw.com.cn/dongtai/9584.html',
 'referer': b'http://www.dfjmw.com.cn/',
 'status': 301}
2018-05-31 11:27:26 [scrapy.core.scraper] DEBUG: Scraped from <301 http://www.dfjmw.com.cn/dongtai/9591.html>
{'link': 'http://www.dfjmw.com.cn/dongtai/9591.html',
 'referer': b'http://www.dfjmw.com.cn/',
 'status': 301}
2018-05-31 11:27:26 [scrapy.core.engine] DEBUG: Crawled (404) <GET http://www.dfjmw.com.cn/baike/10522.html> (referer: http://www.dfjmw.com.cn/)
2018-05-31 11:27:26 [scrapy.core.engine] DEBUG: Crawled (404) <GET http://www.dfjmw.com.cn/baike/10523.html> (referer: http://www.dfjmw.com.cn/)
2018-05-31 11:27:26 [scrapy.core.engine] DEBUG: Crawled (404) <GET http://www.dfjmw.com.cn/baike/10526.html> (referer: http://www.dfjmw.com.cn/)
2018-05-31 11:27:26 [scrapy.core.engine] DEBUG: Crawled (404) <GET http://www.dfjmw.com.cn/baike/10527.html> (referer: http://www.dfjmw.com.cn/)
2018-05-31 11:27:26 [scrapy.core.engine] DEBUG: Crawled (404) <GET http://www.dfjmw.com.cn/baike/10533.html> (referer: http://www.dfjmw.com.cn/)
2018-05-31 11:27:26 [scrapy.core.scraper] DEBUG: Scraped from <301 http://www.dfjmw.com.cn/dongtai/9697.html>
{'link': 'http://www.dfjmw.com.cn/dongtai/9697.html',
 'referer': b'http://www.dfjmw.com.cn/',
 'status': 301}
2018-05-31 11:27:26 [scrapy.core.scraper] DEBUG: Scraped from <301 http://www.dfjmw.com.cn/dongtai/9723.html>
{'link': 'http://www.dfjmw.com.cn/dongtai/9723.html',
 'referer': b'http://www.dfjmw.com.cn/',
 'status': 301}
2018-05-31 11:27:26 [scrapy.core.scraper] DEBUG: Scraped from <301 http://www.dfjmw.com.cn/dongtai/9725.html>
{'link': 'http://www.dfjmw.com.cn/dongtai/9725.html',
 'referer': b'http://www.dfjmw.com.cn/',
 'status': 301}
2018-05-31 11:27:26 [scrapy.core.engine] DEBUG: Crawled (404) <GET http://www.dfjmw.com.cn/peixun/8142.html> (referer: http://www.dfjmw.com.cn/)
2018-05-31 11:27:26 [scrapy.core.engine] DEBUG: Crawled (404) <GET http://www.dfjmw.com.cn/peixun/8194.html> (referer: http://www.dfjmw.com.cn/)
2018-05-31 11:27:26 [scrapy.core.engine] DEBUG: Crawled (404) <GET http://www.dfjmw.com.cn/peixun/2668.html> (referer: http://www.dfjmw.com.cn/)
2018-05-31 11:27:26 [scrapy.core.scraper] DEBUG: Scraped from <301 http://www.dfjmw.com.cn/dongtai/514.html>
{'link': 'http://www.dfjmw.com.cn/dongtai/514.html',
 'referer': b'http://www.dfjmw.com.cn/',
 'status': 301}
2018-05-31 11:27:26 [scrapy.core.scraper] DEBUG: Scraped from <301 http://www.dfjmw.com.cn/dongtai/1389.html>
{'link': 'http://www.dfjmw.com.cn/dongtai/1389.html',
 'referer': b'http://www.dfjmw.com.cn/',
 'status': 301}
2018-05-31 11:27:26 [scrapy.core.scraper] DEBUG: Scraped from <301 http://www.dfjmw.com.cn/dongtai/10468.html>
{'link': 'http://www.dfjmw.com.cn/dongtai/10468.html',
 'referer': b'http://www.dfjmw.com.cn/',
 'status': 301}
2018-05-31 11:27:26 [scrapy.core.scraper] DEBUG: Scraped from <301 http://www.dfjmw.com.cn/dongtai/10467.html>
{'link': 'http://www.dfjmw.com.cn/dongtai/10467.html',
 'referer': b'http://www.dfjmw.com.cn/',
 'status': 301}
2018-05-31 11:27:26 [scrapy.core.scraper] DEBUG: Scraped from <301 http://www.dfjmw.com.cn/dongtai/10485.html>
{'link': 'http://www.dfjmw.com.cn/dongtai/10485.html',
 'referer': b'http://www.dfjmw.com.cn/',
 'status': 301}
2018-05-31 11:27:26 [scrapy.core.engine] DEBUG: Crawled (404) <GET http://www.dfjmw.com.cn/peixun/8331.html> (referer: http://www.dfjmw.com.cn/)
2018-05-31 11:27:26 [scrapy.core.engine] DEBUG: Crawled (404) <GET http://www.dfjmw.com.cn/peixun/2672.html> (referer: http://www.dfjmw.com.cn/)
2018-05-31 11:27:26 [scrapy.core.engine] DEBUG: Crawled (404) <GET http://www.dfjmw.com.cn/peixun/10475.html> (referer: http://www.dfjmw.com.cn/)
2018-05-31 11:27:26 [scrapy.core.engine] DEBUG: Crawled (404) <GET http://www.dfjmw.com.cn/peixun/10481.html> (referer: http://www.dfjmw.com.cn/)
2018-05-31 11:27:26 [scrapy.core.engine] DEBUG: Crawled (404) <GET http://www.dfjmw.com.cn/chengben/10419.html> (referer: http://www.dfjmw.com.cn/)
2018-05-31 11:27:26 [scrapy.core.scraper] DEBUG: Scraped from <301 http://www.dfjmw.com.cn/dongtai/>
{'link': 'http://www.dfjmw.com.cn/dongtai/',
 'referer': b'http://www.dfjmw.com.cn/',
 'status': 301}
2018-05-31 11:27:26 [scrapy.core.scraper] DEBUG: Scraped from <404 http://www.dfjmw.com.cn/baike/10515.html>
{'link': 'http://www.dfjmw.com.cn/baike/10515.html',
 'referer': b'http://www.dfjmw.com.cn/',
 'status': 404}
2018-05-31 11:27:26 [scrapy.core.scraper] DEBUG: Scraped from <404 http://www.dfjmw.com.cn/baike/10514.html>
{'link': 'http://www.dfjmw.com.cn/baike/10514.html',
 'referer': b'http://www.dfjmw.com.cn/',
 'status': 404}
2018-05-31 11:27:26 [scrapy.core.engine] DEBUG: Crawled (404) <GET http://www.dfjmw.com.cn/chengben/10433.html> (referer: http://www.dfjmw.com.cn/)
2018-05-31 11:27:26 [scrapy.core.engine] DEBUG: Crawled (404) <GET http://www.dfjmw.com.cn/chengben/10434.html> (referer: http://www.dfjmw.com.cn/)
2018-05-31 11:27:26 [scrapy.core.engine] DEBUG: Crawled (404) <GET http://www.dfjmw.com.cn/chengben/10448.html> (referer: http://www.dfjmw.com.cn/)
2018-05-31 11:27:26 [scrapy.core.engine] DEBUG: Crawled (404) <GET http://www.dfjmw.com.cn/chengben/3102.html> (referer: http://www.dfjmw.com.cn/)
2018-05-31 11:27:26 [scrapy.core.engine] DEBUG: Crawled (301) <GET http://www.dfjmw.com.cn/chengben/> (referer: http://www.dfjmw.com.cn/)
2018-05-31 11:27:26 [scrapy.core.engine] DEBUG: Crawled (404) <GET http://www.dfjmw.com.cn/touzi/10425.html> (referer: http://www.dfjmw.com.cn/)
2018-05-31 11:27:26 [scrapy.core.engine] DEBUG: Crawled (404) <GET http://www.dfjmw.com.cn/touzi/10443.html> (referer: http://www.dfjmw.com.cn/)
2018-05-31 11:27:26 [scrapy.core.engine] DEBUG: Crawled (404) <GET http://www.dfjmw.com.cn/touzi/10446.html> (referer: http://www.dfjmw.com.cn/)
2018-05-31 11:27:26 [scrapy.core.engine] DEBUG: Crawled (404) <GET http://www.dfjmw.com.cn/touzi/10451.html> (referer: http://www.dfjmw.com.cn/)
2018-05-31 11:27:26 [scrapy.core.engine] DEBUG: Crawled (404) <GET http://www.dfjmw.com.cn/touzi/10455.html> (referer: http://www.dfjmw.com.cn/)
2018-05-31 11:27:26 [scrapy.core.engine] DEBUG: Crawled (404) <GET http://www.dfjmw.com.cn/lirun/383.html> (referer: http://www.dfjmw.com.cn/)
2018-05-31 11:27:26 [scrapy.core.engine] DEBUG: Crawled (404) <GET http://www.dfjmw.com.cn/lirun/10454.html> (referer: http://www.dfjmw.com.cn/)
2018-05-31 11:27:26 [scrapy.core.engine] DEBUG: Crawled (404) <GET http://www.dfjmw.com.cn/lirun/10456.html> (referer: http://www.dfjmw.com.cn/)
2018-05-31 11:27:26 [scrapy.core.engine] DEBUG: Crawled (404) <GET http://www.dfjmw.com.cn/lirun/10476.html> (referer: http://www.dfjmw.com.cn/)
2018-05-31 11:27:26 [scrapy.core.engine] DEBUG: Crawled (404) <GET http://www.dfjmw.com.cn/lirun/10489.html> (referer: http://www.dfjmw.com.cn/)
2018-05-31 11:27:26 [scrapy.core.engine] DEBUG: Crawled (404) <GET http://www.dfjmw.com.cn/lirun/10524.html> (referer: http://www.dfjmw.com.cn/)
2018-05-31 11:27:26 [scrapy.core.scraper] DEBUG: Scraped from <404 http://www.dfjmw.com.cn/baike/10522.html>
{'link': 'http://www.dfjmw.com.cn/baike/10522.html',
 'referer': b'http://www.dfjmw.com.cn/',
 'status': 404}
2018-05-31 11:27:26 [scrapy.core.engine] DEBUG: Crawled (404) <GET http://www.dfjmw.com.cn/lirun/19.html> (referer: http://www.dfjmw.com.cn/)
2018-05-31 11:27:26 [scrapy.core.engine] DEBUG: Crawled (404) <GET http://www.dfjmw.com.cn/zhinan/10450.html> (referer: http://www.dfjmw.com.cn/)
2018-05-31 11:27:26 [scrapy.core.engine] DEBUG: Crawled (404) <GET http://www.dfjmw.com.cn/zhinan/10453.html> (referer: http://www.dfjmw.com.cn/)
2018-05-31 11:27:26 [scrapy.core.scraper] DEBUG: Scraped from <404 http://www.dfjmw.com.cn/baike/10523.html>
{'link': 'http://www.dfjmw.com.cn/baike/10523.html',
 'referer': b'http://www.dfjmw.com.cn/',
 'status': 404}
2018-05-31 11:27:26 [scrapy.core.scraper] DEBUG: Scraped from <404 http://www.dfjmw.com.cn/baike/10526.html>
{'link': 'http://www.dfjmw.com.cn/baike/10526.html',
 'referer': b'http://www.dfjmw.com.cn/',
 'status': 404}
2018-05-31 11:27:26 [scrapy.core.scraper] DEBUG: Scraped from <404 http://www.dfjmw.com.cn/baike/10527.html>
{'link': 'http://www.dfjmw.com.cn/baike/10527.html',
 'referer': b'http://www.dfjmw.com.cn/',
 'status': 404}
2018-05-31 11:27:26 [scrapy.core.scraper] DEBUG: Scraped from <404 http://www.dfjmw.com.cn/baike/10533.html>
{'link': 'http://www.dfjmw.com.cn/baike/10533.html',
 'referer': b'http://www.dfjmw.com.cn/',
 'status': 404}
2018-05-31 11:27:26 [scrapy.core.engine] DEBUG: Crawled (404) <GET http://www.dfjmw.com.cn/zhinan/10457.html> (referer: http://www.dfjmw.com.cn/)
2018-05-31 11:27:26 [scrapy.core.engine] DEBUG: Crawled (404) <GET http://www.dfjmw.com.cn/zhinan/10486.html> (referer: http://www.dfjmw.com.cn/)
2018-05-31 11:27:26 [scrapy.core.engine] DEBUG: Crawled (404) <GET http://www.dfjmw.com.cn/zhinan/4385.html> (referer: http://www.dfjmw.com.cn/)
2018-05-31 11:27:26 [scrapy.core.engine] DEBUG: Crawled (301) <GET http://www.dfjmw.com.cn/lirun/> (referer: http://www.dfjmw.com.cn/)
2018-05-31 11:27:26 [scrapy.core.engine] DEBUG: Crawled (301) <GET http://www.dfjmw.com.cn/fangan/> (referer: http://www.dfjmw.com.cn/)
2018-05-31 11:27:26 [scrapy.core.scraper] DEBUG: Scraped from <404 http://www.dfjmw.com.cn/peixun/8142.html>
{'link': 'http://www.dfjmw.com.cn/peixun/8142.html',
 'referer': b'http://www.dfjmw.com.cn/',
 'status': 404}
2018-05-31 11:27:26 [scrapy.core.scraper] DEBUG: Scraped from <404 http://www.dfjmw.com.cn/peixun/8194.html>
{'link': 'http://www.dfjmw.com.cn/peixun/8194.html',
 'referer': b'http://www.dfjmw.com.cn/',
 'status': 404}
2018-05-31 11:27:26 [scrapy.core.engine] DEBUG: Crawled (200) <GET http://www.dfjmw.com.cn/> (referer: http://www.dfjmw.com.cn/)
2018-05-31 11:27:26 [scrapy.core.scraper] DEBUG: Scraped from <404 http://www.dfjmw.com.cn/peixun/2668.html>
{'link': 'http://www.dfjmw.com.cn/peixun/2668.html',
 'referer': b'http://www.dfjmw.com.cn/',
 'status': 404}
2018-05-31 11:27:26 [scrapy.core.scraper] DEBUG: Scraped from <404 http://www.dfjmw.com.cn/peixun/8331.html>
{'link': 'http://www.dfjmw.com.cn/peixun/8331.html',
 'referer': b'http://www.dfjmw.com.cn/',
 'status': 404}
2018-05-31 11:27:26 [scrapy.core.scraper] DEBUG: Scraped from <404 http://www.dfjmw.com.cn/peixun/2672.html>
{'link': 'http://www.dfjmw.com.cn/peixun/2672.html',
 'referer': b'http://www.dfjmw.com.cn/',
 'status': 404}
2018-05-31 11:27:26 [scrapy.core.scraper] DEBUG: Scraped from <404 http://www.dfjmw.com.cn/peixun/10475.html>
{'link': 'http://www.dfjmw.com.cn/peixun/10475.html',
 'referer': b'http://www.dfjmw.com.cn/',
 'status': 404}
2018-05-31 11:27:26 [scrapy.core.scraper] DEBUG: Scraped from <404 http://www.dfjmw.com.cn/peixun/10481.html>
{'link': 'http://www.dfjmw.com.cn/peixun/10481.html',
 'referer': b'http://www.dfjmw.com.cn/',
 'status': 404}
2018-05-31 11:27:26 [scrapy.core.scraper] DEBUG: Scraped from <404 http://www.dfjmw.com.cn/chengben/10419.html>
{'link': 'http://www.dfjmw.com.cn/chengben/10419.html',
 'referer': b'http://www.dfjmw.com.cn/',
 'status': 404}
2018-05-31 11:27:26 [scrapy.core.scraper] DEBUG: Scraped from <404 http://www.dfjmw.com.cn/chengben/10433.html>
{'link': 'http://www.dfjmw.com.cn/chengben/10433.html',
 'referer': b'http://www.dfjmw.com.cn/',
 'status': 404}
2018-05-31 11:27:26 [scrapy.core.scraper] DEBUG: Scraped from <404 http://www.dfjmw.com.cn/chengben/10434.html>
{'link': 'http://www.dfjmw.com.cn/chengben/10434.html',
 'referer': b'http://www.dfjmw.com.cn/',
 'status': 404}
2018-05-31 11:27:26 [scrapy.core.scraper] DEBUG: Scraped from <404 http://www.dfjmw.com.cn/chengben/10448.html>
{'link': 'http://www.dfjmw.com.cn/chengben/10448.html',
 'referer': b'http://www.dfjmw.com.cn/',
 'status': 404}
2018-05-31 11:27:26 [scrapy.core.scraper] DEBUG: Scraped from <404 http://www.dfjmw.com.cn/chengben/3102.html>
{'link': 'http://www.dfjmw.com.cn/chengben/3102.html',
 'referer': b'http://www.dfjmw.com.cn/',
 'status': 404}
2018-05-31 11:27:26 [scrapy.core.scraper] DEBUG: Scraped from <301 http://www.dfjmw.com.cn/chengben/>
{'link': 'http://www.dfjmw.com.cn/chengben/',
 'referer': b'http://www.dfjmw.com.cn/',
 'status': 301}
2018-05-31 11:27:26 [scrapy.core.scraper] DEBUG: Scraped from <404 http://www.dfjmw.com.cn/touzi/10425.html>
{'link': 'http://www.dfjmw.com.cn/touzi/10425.html',
 'referer': b'http://www.dfjmw.com.cn/',
 'status': 404}
2018-05-31 11:27:26 [scrapy.core.scraper] DEBUG: Scraped from <404 http://www.dfjmw.com.cn/touzi/10443.html>
{'link': 'http://www.dfjmw.com.cn/touzi/10443.html',
 'referer': b'http://www.dfjmw.com.cn/',
 'status': 404}
2018-05-31 11:27:26 [scrapy.core.scraper] DEBUG: Scraped from <404 http://www.dfjmw.com.cn/touzi/10446.html>
{'link': 'http://www.dfjmw.com.cn/touzi/10446.html',
 'referer': b'http://www.dfjmw.com.cn/',
 'status': 404}
2018-05-31 11:27:26 [scrapy.core.scraper] DEBUG: Scraped from <404 http://www.dfjmw.com.cn/touzi/10451.html>
{'link': 'http://www.dfjmw.com.cn/touzi/10451.html',
 'referer': b'http://www.dfjmw.com.cn/',
 'status': 404}
2018-05-31 11:27:26 [scrapy.core.scraper] DEBUG: Scraped from <404 http://www.dfjmw.com.cn/touzi/10455.html>
{'link': 'http://www.dfjmw.com.cn/touzi/10455.html',
 'referer': b'http://www.dfjmw.com.cn/',
 'status': 404}
2018-05-31 11:27:26 [scrapy.core.scraper] DEBUG: Scraped from <404 http://www.dfjmw.com.cn/lirun/383.html>
{'link': 'http://www.dfjmw.com.cn/lirun/383.html',
 'referer': b'http://www.dfjmw.com.cn/',
 'status': 404}
2018-05-31 11:27:26 [scrapy.core.scraper] DEBUG: Scraped from <404 http://www.dfjmw.com.cn/lirun/10454.html>
{'link': 'http://www.dfjmw.com.cn/lirun/10454.html',
 'referer': b'http://www.dfjmw.com.cn/',
 'status': 404}
2018-05-31 11:27:26 [scrapy.core.scraper] DEBUG: Scraped from <404 http://www.dfjmw.com.cn/lirun/10456.html>
{'link': 'http://www.dfjmw.com.cn/lirun/10456.html',
 'referer': b'http://www.dfjmw.com.cn/',
 'status': 404}
2018-05-31 11:27:26 [scrapy.core.scraper] DEBUG: Scraped from <404 http://www.dfjmw.com.cn/lirun/10476.html>
{'link': 'http://www.dfjmw.com.cn/lirun/10476.html',
 'referer': b'http://www.dfjmw.com.cn/',
 'status': 404}
2018-05-31 11:27:26 [scrapy.core.scraper] DEBUG: Scraped from <404 http://www.dfjmw.com.cn/lirun/10489.html>
{'link': 'http://www.dfjmw.com.cn/lirun/10489.html',
 'referer': b'http://www.dfjmw.com.cn/',
 'status': 404}
2018-05-31 11:27:26 [scrapy.core.scraper] DEBUG: Scraped from <404 http://www.dfjmw.com.cn/lirun/10524.html>
{'link': 'http://www.dfjmw.com.cn/lirun/10524.html',
 'referer': b'http://www.dfjmw.com.cn/',
 'status': 404}
2018-05-31 11:27:26 [scrapy.core.scraper] DEBUG: Scraped from <404 http://www.dfjmw.com.cn/lirun/19.html>
{'link': 'http://www.dfjmw.com.cn/lirun/19.html',
 'referer': b'http://www.dfjmw.com.cn/',
 'status': 404}
2018-05-31 11:27:26 [scrapy.core.scraper] DEBUG: Scraped from <404 http://www.dfjmw.com.cn/zhinan/10450.html>
{'link': 'http://www.dfjmw.com.cn/zhinan/10450.html',
 'referer': b'http://www.dfjmw.com.cn/',
 'status': 404}
2018-05-31 11:27:26 [scrapy.core.scraper] DEBUG: Scraped from <404 http://www.dfjmw.com.cn/zhinan/10453.html>
{'link': 'http://www.dfjmw.com.cn/zhinan/10453.html',
 'referer': b'http://www.dfjmw.com.cn/',
 'status': 404}
2018-05-31 11:27:26 [scrapy.core.scraper] DEBUG: Scraped from <404 http://www.dfjmw.com.cn/zhinan/10457.html>
{'link': 'http://www.dfjmw.com.cn/zhinan/10457.html',
 'referer': b'http://www.dfjmw.com.cn/',
 'status': 404}
2018-05-31 11:27:26 [scrapy.core.scraper] DEBUG: Scraped from <404 http://www.dfjmw.com.cn/zhinan/10486.html>
{'link': 'http://www.dfjmw.com.cn/zhinan/10486.html',
 'referer': b'http://www.dfjmw.com.cn/',
 'status': 404}
2018-05-31 11:27:26 [scrapy.core.scraper] DEBUG: Scraped from <404 http://www.dfjmw.com.cn/zhinan/4385.html>
{'link': 'http://www.dfjmw.com.cn/zhinan/4385.html',
 'referer': b'http://www.dfjmw.com.cn/',
 'status': 404}
2018-05-31 11:27:26 [scrapy.core.scraper] DEBUG: Scraped from <301 http://www.dfjmw.com.cn/lirun/>
{'link': 'http://www.dfjmw.com.cn/lirun/',
 'referer': b'http://www.dfjmw.com.cn/',
 'status': 301}
2018-05-31 11:27:26 [scrapy.core.scraper] DEBUG: Scraped from <301 http://www.dfjmw.com.cn/fangan/>
{'link': 'http://www.dfjmw.com.cn/fangan/',
 'referer': b'http://www.dfjmw.com.cn/',
 'status': 301}
2018-05-31 11:27:26 [scrapy.core.scraper] DEBUG: Scraped from <200 http://www.dfjmw.com.cn/>
{'link': 'http://www.dfjmw.com.cn/',
 'referer': b'http://www.dfjmw.com.cn/',
 'status': 200}
2018-05-31 11:27:26 [scrapy.core.engine] INFO: Closing spider (finished)
2018-05-31 11:27:26 [scrapy.statscollectors] INFO: Dumping Scrapy stats:
{'downloader/request_bytes': 51861,
 'downloader/request_count': 155,
 'downloader/request_method_count/GET': 155,
 'downloader/response_bytes': 154017,
 'downloader/response_count': 155,
 'downloader/response_status_count/200': 2,
 'downloader/response_status_count/301': 47,
 'downloader/response_status_count/404': 106,
 'dupefilter/filtered': 399,
 'finish_reason': 'finished',
 'finish_time': datetime.datetime(2018, 5, 31, 3, 27, 26, 994522),
 'item_scraped_count': 155,
 'log_count/DEBUG': 323,
 'log_count/INFO': 7,
 'memusage/max': 52219904,
 'memusage/startup': 52219904,
 'offsite/domains': 11,
 'offsite/filtered': 46,
 'request_depth_max': 2,
 'response_received_count': 155,
 'scheduler/dequeued': 155,
 'scheduler/dequeued/memory': 155,
 'scheduler/enqueued': 155,
 'scheduler/enqueued/memory': 155,
 'start_time': datetime.datetime(2018, 5, 31, 3, 27, 25, 489684)}
2018-05-31 11:27:26 [scrapy.core.engine] INFO: Spider closed (finished)
